2017-08-16 14:19:53 [192.168.72.1][-][-][trace][yii\base\Application::bootstrap] Bootstrap with yii\log\Dispatcher
2017-08-16 14:19:53 [192.168.72.1][-][-][trace][yii\base\Application::bootstrap] Bootstrap with yii\log\Dispatcher
2017-08-16 14:19:53 [192.168.72.1][-][-][trace][yii\base\Module::getModule] Loading module: debug
2017-08-16 14:19:53 [192.168.72.1][-][-][trace][yii\base\Application::bootstrap] Bootstrap with yii\debug\Module::bootstrap()
2017-08-16 14:19:53 [192.168.72.1][-][-][trace][yii\web\UrlManager::parseRequest] [
    'rule' => 'debug',
    'match' => false,
    'parent' => null,
]
    in /mnt/hgfs/data/cmgephp/cms2/common/components/UrlManager.php:48
2017-08-16 14:19:53 [192.168.72.1][-][-][trace][yii\web\UrlManager::parseRequest] [
    'rule' => 'debug/<controller:[\\w\\-]+>/<action:[\\w\\-]+>',
    'match' => false,
    'parent' => null,
]
    in /mnt/hgfs/data/cmgephp/cms2/common/components/UrlManager.php:48
2017-08-16 14:19:53 [192.168.72.1][-][-][trace][yii\web\UrlManager::parseRequest] [
    'rule' => 'm/cover',
    'match' => false,
    'parent' => null,
]
    in /mnt/hgfs/data/cmgephp/cms2/common/components/UrlManager.php:48
2017-08-16 14:19:53 [192.168.72.1][-][-][trace][yii\web\UrlManager::parseRequest] [
    'rule' => 'm/index',
    'match' => false,
    'parent' => null,
]
    in /mnt/hgfs/data/cmgephp/cms2/common/components/UrlManager.php:48
2017-08-16 14:19:53 [192.168.72.1][-][-][trace][yii\web\UrlManager::parseRequest] [
    'rule' => 'm/<controller:\\w+>/<action:\\w+>',
    'match' => false,
    'parent' => null,
]
    in /mnt/hgfs/data/cmgephp/cms2/common/components/UrlManager.php:48
2017-08-16 14:19:53 [192.168.72.1][-][-][trace][yii\web\UrlManager::parseRequest] [
    'rule' => 'index',
    'match' => false,
    'parent' => null,
]
    in /mnt/hgfs/data/cmgephp/cms2/common/components/UrlManager.php:48
2017-08-16 14:19:53 [192.168.72.1][-][-][trace][yii\web\UrlManager::parseRequest] No matching URL rules. Using default URL parsing logic.
    in /mnt/hgfs/data/cmgephp/cms2/common/components/UrlManager.php:48
2017-08-16 14:19:53 [192.168.72.1][-][-][trace][yii\web\Application::handleRequest] Route requested: 'site/index'
2017-08-16 14:19:53 [192.168.72.1][-][-][trace][yii\base\Controller::runAction] Route to run: site/index
2017-08-16 14:19:53 [192.168.72.1][-][-][trace][yii\base\InlineAction::runWithParams] Running action: app\controllers\SiteController::actionIndex()
2017-08-16 14:19:53 [192.168.72.1][-][-][trace][yii\base\View::renderFile] Rendering view file: /mnt/hgfs/data/cmgephp/cms2/website/xsqs.yingxiong.com/views/site/index.php
    in /mnt/hgfs/data/cmgephp/cms2/website/xsqs.yingxiong.com/controllers/SiteController.php:23
2017-08-16 14:19:53 [192.168.72.1][-][-][trace][yii\base\View::renderFile] Rendering view file: /mnt/hgfs/data/cmgephp/cms2/website/xsqs.yingxiong.com/views/layouts/pc/main.php
    in /mnt/hgfs/data/cmgephp/cms2/website/xsqs.yingxiong.com/controllers/SiteController.php:23
2017-08-16 14:19:53 [192.168.72.1][-][-][trace][yii\base\View::renderFile] Rendering view file: /mnt/hgfs/data/cmgephp/cms2/website/xsqs.yingxiong.com/views/layouts/pc/header.php
    in /mnt/hgfs/data/cmgephp/cms2/website/xsqs.yingxiong.com/views/layouts/pc/main.php:11
    in /mnt/hgfs/data/cmgephp/cms2/website/xsqs.yingxiong.com/controllers/SiteController.php:23
2017-08-16 14:19:53 [192.168.72.1][-][-][trace][yii\base\View::renderFile] Rendering view file: /mnt/hgfs/data/cmgephp/cms2/website/xsqs.yingxiong.com/views/layouts/pc/header_top.php
    in /mnt/hgfs/data/cmgephp/cms2/website/xsqs.yingxiong.com/views/layouts/pc/header.php:1
    in /mnt/hgfs/data/cmgephp/cms2/website/xsqs.yingxiong.com/views/layouts/pc/main.php:11
    in /mnt/hgfs/data/cmgephp/cms2/website/xsqs.yingxiong.com/controllers/SiteController.php:23
2017-08-16 14:19:54 [192.168.72.1][-][-][trace][yii\base\View::renderFile] Rendering view file: /mnt/hgfs/data/cmgephp/cms2/website/xsqs.yingxiong.com/views/layouts/pc/footer.php
    in /mnt/hgfs/data/cmgephp/cms2/website/xsqs.yingxiong.com/views/layouts/pc/main.php:41
    in /mnt/hgfs/data/cmgephp/cms2/website/xsqs.yingxiong.com/controllers/SiteController.php:23
2017-08-16 14:19:54 [192.168.72.1][-][-][trace][yii\base\View::renderFile] Rendering view file: /mnt/hgfs/data/cmgephp/cms2/website/xsqs.yingxiong.com/views/layouts/pc/footer_bottom.php
    in /mnt/hgfs/data/cmgephp/cms2/website/xsqs.yingxiong.com/views/layouts/pc/footer.php:8
    in /mnt/hgfs/data/cmgephp/cms2/website/xsqs.yingxiong.com/views/layouts/pc/main.php:41
    in /mnt/hgfs/data/cmgephp/cms2/website/xsqs.yingxiong.com/controllers/SiteController.php:23
2017-08-16 14:19:52 [192.168.72.1][-][-][info][application] $_COOKIE = [
    'UM_distinctid' => '15c0bbcc057130-0b1e95d46483b6-63171875-1fa400-15c0bbcc058af7'
    'pgv_pvi' => '6396246016'
    'pgv_pvid' => '796308022'
    '_ga' => 'GA1.2.394579148.1495526101'
    'hero_bbs_uuid' => '7F64774F-BC0D-5D55-788C-C7023EF57D66'
    'Hm_lvt_744fc26928ce00373c1f19768d018dce' => '1502087489,1502087604,1502279135,1502681662'
]

$_SESSION = [
    '__flash' => []
    'channel_name' => 'pcgw'
    'language' => 'zh_cn'
]

$_SERVER = [
    'USER' => 'www'
    'HOME' => '/home/www'
    'FCGI_ROLE' => 'RESPONDER'
    'QUERY_STRING' => ''
    'REQUEST_METHOD' => 'GET'
    'CONTENT_TYPE' => ''
    'CONTENT_LENGTH' => ''
    'SCRIPT_NAME' => '/index.php'
    'REQUEST_URI' => '/'
    'DOCUMENT_URI' => '/index.php'
    'DOCUMENT_ROOT' => '/data/cmgephp/cms2/website/xsqs.yingxiong.com/web'
    'SERVER_PROTOCOL' => 'HTTP/1.1'
    'REQUEST_SCHEME' => 'http'
    'GATEWAY_INTERFACE' => 'CGI/1.1'
    'SERVER_SOFTWARE' => 'nginx/1.10.0'
    'REMOTE_ADDR' => '192.168.72.1'
    'REMOTE_PORT' => '65239'
    'SERVER_ADDR' => '192.168.72.128'
    'SERVER_PORT' => '80'
    'SERVER_NAME' => 'xsqs.me.yingxiong.com'
    'REDIRECT_STATUS' => '200'
    'PATH_INFO' => ''
    'SCRIPT_FILENAME' => '/data/cmgephp/cms2/website/xsqs.yingxiong.com/web/index.php'
    'HTTP_HOST' => 'xsqs.me.yingxiong.com'
    'HTTP_CONNECTION' => 'keep-alive'
    'HTTP_UPGRADE_INSECURE_REQUESTS' => '1'
    'HTTP_USER_AGENT' => 'Mozilla/5.0 (Windows NT 6.1; WOW64) AppleWebKit/537.36 (KHTML, like Gecko) Chrome/58.0.3029.81 Safari/537.36'
    'HTTP_ACCEPT' => 'text/html,application/xhtml+xml,application/xml;q=0.9,image/webp,*/*;q=0.8'
    'HTTP_ACCEPT_ENCODING' => 'gzip, deflate, sdch'
    'HTTP_ACCEPT_LANGUAGE' => 'zh-CN,zh;q=0.8'
    'HTTP_COOKIE' => 'UM_distinctid=15c0bbcc057130-0b1e95d46483b6-63171875-1fa400-15c0bbcc058af7; pgv_pvi=6396246016; pgv_pvid=796308022; _ga=GA1.2.394579148.1495526101; hero_bbs_uuid=7F64774F-BC0D-5D55-788C-C7023EF57D66; Hm_lvt_744fc26928ce00373c1f19768d018dce=1502087489,1502087604,1502279135,1502681662'
    'HTTP_SOCKETLOG' => 'SocketLog(tabid=2&client_id=)'
    'PHP_SELF' => ''
    'REQUEST_TIME_FLOAT' => 1502864392.8664
    'REQUEST_TIME' => 1502864392
]
2017-08-16 14:25:04 [192.168.72.1][-][-][trace][yii\base\Application::bootstrap] Bootstrap with yii\log\Dispatcher
2017-08-16 14:25:04 [192.168.72.1][-][-][trace][yii\base\Application::bootstrap] Bootstrap with yii\log\Dispatcher
2017-08-16 14:25:04 [192.168.72.1][-][-][trace][yii\base\Module::getModule] Loading module: debug
2017-08-16 14:25:04 [192.168.72.1][-][-][trace][yii\base\Application::bootstrap] Bootstrap with yii\debug\Module::bootstrap()
2017-08-16 14:25:04 [192.168.72.1][-][-][trace][yii\web\UrlManager::parseRequest] [
    'rule' => 'debug',
    'match' => false,
    'parent' => null,
]
    in /mnt/hgfs/data/cmgephp/cms2/common/components/UrlManager.php:48
2017-08-16 14:25:04 [192.168.72.1][-][-][trace][yii\web\UrlManager::parseRequest] [
    'rule' => 'debug/<controller:[\\w\\-]+>/<action:[\\w\\-]+>',
    'match' => false,
    'parent' => null,
]
    in /mnt/hgfs/data/cmgephp/cms2/common/components/UrlManager.php:48
2017-08-16 14:25:04 [192.168.72.1][-][-][trace][yii\web\UrlManager::parseRequest] [
    'rule' => 'm/cover',
    'match' => false,
    'parent' => null,
]
    in /mnt/hgfs/data/cmgephp/cms2/common/components/UrlManager.php:48
2017-08-16 14:25:04 [192.168.72.1][-][-][trace][yii\web\UrlManager::parseRequest] [
    'rule' => 'm/index',
    'match' => false,
    'parent' => null,
]
    in /mnt/hgfs/data/cmgephp/cms2/common/components/UrlManager.php:48
2017-08-16 14:25:04 [192.168.72.1][-][-][trace][yii\web\UrlManager::parseRequest] [
    'rule' => 'm/<controller:\\w+>/<action:\\w+>',
    'match' => false,
    'parent' => null,
]
    in /mnt/hgfs/data/cmgephp/cms2/common/components/UrlManager.php:48
2017-08-16 14:25:04 [192.168.72.1][-][-][trace][yii\web\UrlManager::parseRequest] [
    'rule' => 'index',
    'match' => false,
    'parent' => null,
]
    in /mnt/hgfs/data/cmgephp/cms2/common/components/UrlManager.php:48
2017-08-16 14:25:04 [192.168.72.1][-][-][trace][yii\web\UrlManager::parseRequest] No matching URL rules. Using default URL parsing logic.
    in /mnt/hgfs/data/cmgephp/cms2/common/components/UrlManager.php:48
2017-08-16 14:25:04 [192.168.72.1][-][-][trace][yii\web\Application::handleRequest] Route requested: 'site/index'
2017-08-16 14:25:04 [192.168.72.1][-][-][trace][yii\base\Controller::runAction] Route to run: site/index
2017-08-16 14:25:05 [192.168.72.1][-][-][trace][yii\base\InlineAction::runWithParams] Running action: app\controllers\SiteController::actionIndex()
2017-08-16 14:25:05 [192.168.72.1][-][-][trace][yii\base\View::renderFile] Rendering view file: /mnt/hgfs/data/cmgephp/cms2/website/xsqs.yingxiong.com/views/site/index.php
    in /mnt/hgfs/data/cmgephp/cms2/website/xsqs.yingxiong.com/controllers/SiteController.php:23
2017-08-16 14:25:05 [192.168.72.1][-][-][trace][yii\base\View::renderFile] Rendering view file: /mnt/hgfs/data/cmgephp/cms2/website/xsqs.yingxiong.com/views/layouts/pc/main.php
    in /mnt/hgfs/data/cmgephp/cms2/website/xsqs.yingxiong.com/controllers/SiteController.php:23
2017-08-16 14:25:05 [192.168.72.1][-][-][trace][yii\base\View::renderFile] Rendering view file: /mnt/hgfs/data/cmgephp/cms2/website/xsqs.yingxiong.com/views/layouts/pc/header.php
    in /mnt/hgfs/data/cmgephp/cms2/website/xsqs.yingxiong.com/views/layouts/pc/main.php:11
    in /mnt/hgfs/data/cmgephp/cms2/website/xsqs.yingxiong.com/controllers/SiteController.php:23
2017-08-16 14:25:05 [192.168.72.1][-][-][trace][yii\base\View::renderFile] Rendering view file: /mnt/hgfs/data/cmgephp/cms2/website/xsqs.yingxiong.com/views/layouts/pc/header_top.php
    in /mnt/hgfs/data/cmgephp/cms2/website/xsqs.yingxiong.com/views/layouts/pc/header.php:1
    in /mnt/hgfs/data/cmgephp/cms2/website/xsqs.yingxiong.com/views/layouts/pc/main.php:11
    in /mnt/hgfs/data/cmgephp/cms2/website/xsqs.yingxiong.com/controllers/SiteController.php:23
2017-08-16 14:25:05 [192.168.72.1][-][-][trace][yii\base\View::renderFile] Rendering view file: /mnt/hgfs/data/cmgephp/cms2/website/xsqs.yingxiong.com/views/layouts/pc/footer.php
    in /mnt/hgfs/data/cmgephp/cms2/website/xsqs.yingxiong.com/views/layouts/pc/main.php:41
    in /mnt/hgfs/data/cmgephp/cms2/website/xsqs.yingxiong.com/controllers/SiteController.php:23
2017-08-16 14:25:05 [192.168.72.1][-][-][trace][yii\base\View::renderFile] Rendering view file: /mnt/hgfs/data/cmgephp/cms2/website/xsqs.yingxiong.com/views/layouts/pc/footer_bottom.php
    in /mnt/hgfs/data/cmgephp/cms2/website/xsqs.yingxiong.com/views/layouts/pc/footer.php:8
    in /mnt/hgfs/data/cmgephp/cms2/website/xsqs.yingxiong.com/views/layouts/pc/main.php:41
    in /mnt/hgfs/data/cmgephp/cms2/website/xsqs.yingxiong.com/controllers/SiteController.php:23
2017-08-16 14:25:04 [192.168.72.1][-][-][info][application] $_COOKIE = [
    'UM_distinctid' => '15c0bbcc057130-0b1e95d46483b6-63171875-1fa400-15c0bbcc058af7'
    'pgv_pvi' => '6396246016'
    'pgv_pvid' => '796308022'
    '_ga' => 'GA1.2.394579148.1495526101'
    'hero_bbs_uuid' => '7F64774F-BC0D-5D55-788C-C7023EF57D66'
    'Hm_lvt_744fc26928ce00373c1f19768d018dce' => '1502087489,1502087604,1502279135,1502681662'
    'advanced-frontend' => '6uj11aoss5cb3a13qo1dklvb01'
    'cms_csrf' => 'fc89ab204f47329df640380b8f2af06f75d05cbec7a20a6e2c00937fcd741b1fa:2:{i:0;s:8:\"cms_csrf\";i:1;s:32:\"73HEpdGq6mS2mr8No1eWZtNPawCE4SWt\";}'
]

$_SESSION = [
    '__flash' => []
    'channel_name' => 'pcgw'
    'language' => 'zh_cn'
]

$_SERVER = [
    'USER' => 'www'
    'HOME' => '/home/www'
    'FCGI_ROLE' => 'RESPONDER'
    'QUERY_STRING' => ''
    'REQUEST_METHOD' => 'GET'
    'CONTENT_TYPE' => ''
    'CONTENT_LENGTH' => ''
    'SCRIPT_NAME' => '/index.php'
    'REQUEST_URI' => '/'
    'DOCUMENT_URI' => '/index.php'
    'DOCUMENT_ROOT' => '/data/cmgephp/cms2/website/xsqs.yingxiong.com/web'
    'SERVER_PROTOCOL' => 'HTTP/1.1'
    'REQUEST_SCHEME' => 'http'
    'GATEWAY_INTERFACE' => 'CGI/1.1'
    'SERVER_SOFTWARE' => 'nginx/1.10.0'
    'REMOTE_ADDR' => '192.168.72.1'
    'REMOTE_PORT' => '49310'
    'SERVER_ADDR' => '192.168.72.128'
    'SERVER_PORT' => '80'
    'SERVER_NAME' => 'xsqs.me.yingxiong.com'
    'REDIRECT_STATUS' => '200'
    'PATH_INFO' => ''
    'SCRIPT_FILENAME' => '/data/cmgephp/cms2/website/xsqs.yingxiong.com/web/index.php'
    'HTTP_HOST' => 'xsqs.me.yingxiong.com'
    'HTTP_CONNECTION' => 'keep-alive'
    'HTTP_CACHE_CONTROL' => 'max-age=0'
    'HTTP_UPGRADE_INSECURE_REQUESTS' => '1'
    'HTTP_USER_AGENT' => 'Mozilla/5.0 (Windows NT 6.1; WOW64) AppleWebKit/537.36 (KHTML, like Gecko) Chrome/58.0.3029.81 Safari/537.36'
    'HTTP_ACCEPT' => 'text/html,application/xhtml+xml,application/xml;q=0.9,image/webp,*/*;q=0.8'
    'HTTP_ACCEPT_ENCODING' => 'gzip, deflate, sdch'
    'HTTP_ACCEPT_LANGUAGE' => 'zh-CN,zh;q=0.8'
    'HTTP_COOKIE' => 'UM_distinctid=15c0bbcc057130-0b1e95d46483b6-63171875-1fa400-15c0bbcc058af7; pgv_pvi=6396246016; pgv_pvid=796308022; _ga=GA1.2.394579148.1495526101; hero_bbs_uuid=7F64774F-BC0D-5D55-788C-C7023EF57D66; Hm_lvt_744fc26928ce00373c1f19768d018dce=1502087489,1502087604,1502279135,1502681662; advanced-frontend=6uj11aoss5cb3a13qo1dklvb01; cms_csrf=fc89ab204f47329df640380b8f2af06f75d05cbec7a20a6e2c00937fcd741b1fa%3A2%3A%7Bi%3A0%3Bs%3A8%3A%22cms_csrf%22%3Bi%3A1%3Bs%3A32%3A%2273HEpdGq6mS2mr8No1eWZtNPawCE4SWt%22%3B%7D'
    'HTTP_SOCKETLOG' => 'SocketLog(tabid=2&client_id=)'
    'PHP_SELF' => ''
    'REQUEST_TIME_FLOAT' => 1502864704.6467
    'REQUEST_TIME' => 1502864704
]
2017-08-16 14:25:06 [192.168.72.1][-][-][trace][yii\base\Application::bootstrap] Bootstrap with yii\log\Dispatcher
2017-08-16 14:25:06 [192.168.72.1][-][-][trace][yii\base\Application::bootstrap] Bootstrap with yii\log\Dispatcher
2017-08-16 14:25:06 [192.168.72.1][-][-][trace][yii\base\Module::getModule] Loading module: debug
2017-08-16 14:25:06 [192.168.72.1][-][-][trace][yii\base\Application::bootstrap] Bootstrap with yii\debug\Module::bootstrap()
2017-08-16 14:25:06 [192.168.72.1][-][-][trace][yii\web\UrlManager::parseRequest] [
    'rule' => 'debug',
    'match' => false,
    'parent' => null,
]
    in /mnt/hgfs/data/cmgephp/cms2/common/components/UrlManager.php:48
2017-08-16 14:25:06 [192.168.72.1][-][-][trace][yii\web\UrlManager::parseRequest] [
    'rule' => 'debug/<controller:[\\w\\-]+>/<action:[\\w\\-]+>',
    'match' => false,
    'parent' => null,
]
    in /mnt/hgfs/data/cmgephp/cms2/common/components/UrlManager.php:48
2017-08-16 14:25:06 [192.168.72.1][-][-][trace][yii\web\UrlManager::parseRequest] [
    'rule' => 'm/cover',
    'match' => false,
    'parent' => null,
]
    in /mnt/hgfs/data/cmgephp/cms2/common/components/UrlManager.php:48
2017-08-16 14:25:06 [192.168.72.1][-][-][trace][yii\web\UrlManager::parseRequest] [
    'rule' => 'm/index',
    'match' => false,
    'parent' => null,
]
    in /mnt/hgfs/data/cmgephp/cms2/common/components/UrlManager.php:48
2017-08-16 14:25:06 [192.168.72.1][-][-][trace][yii\web\UrlManager::parseRequest] [
    'rule' => 'm/<controller:\\w+>/<action:\\w+>',
    'match' => false,
    'parent' => null,
]
    in /mnt/hgfs/data/cmgephp/cms2/common/components/UrlManager.php:48
2017-08-16 14:25:06 [192.168.72.1][-][-][trace][yii\web\UrlManager::parseRequest] [
    'rule' => 'index',
    'match' => false,
    'parent' => null,
]
    in /mnt/hgfs/data/cmgephp/cms2/common/components/UrlManager.php:48
2017-08-16 14:25:06 [192.168.72.1][-][-][trace][yii\web\UrlManager::parseRequest] No matching URL rules. Using default URL parsing logic.
    in /mnt/hgfs/data/cmgephp/cms2/common/components/UrlManager.php:48
2017-08-16 14:25:06 [192.168.72.1][-][-][trace][yii\web\Application::handleRequest] Route requested: 'site/index'
2017-08-16 14:25:06 [192.168.72.1][-][-][trace][yii\base\Controller::runAction] Route to run: site/index
2017-08-16 14:25:06 [192.168.72.1][-][-][trace][yii\base\InlineAction::runWithParams] Running action: app\controllers\SiteController::actionIndex()
2017-08-16 14:25:06 [192.168.72.1][-][-][trace][yii\base\View::renderFile] Rendering view file: /mnt/hgfs/data/cmgephp/cms2/website/xsqs.yingxiong.com/views/site/index.php
    in /mnt/hgfs/data/cmgephp/cms2/website/xsqs.yingxiong.com/controllers/SiteController.php:23
2017-08-16 14:25:06 [192.168.72.1][-][-][trace][yii\base\View::renderFile] Rendering view file: /mnt/hgfs/data/cmgephp/cms2/website/xsqs.yingxiong.com/views/layouts/pc/main.php
    in /mnt/hgfs/data/cmgephp/cms2/website/xsqs.yingxiong.com/controllers/SiteController.php:23
2017-08-16 14:25:06 [192.168.72.1][-][-][trace][yii\base\View::renderFile] Rendering view file: /mnt/hgfs/data/cmgephp/cms2/website/xsqs.yingxiong.com/views/layouts/pc/header.php
    in /mnt/hgfs/data/cmgephp/cms2/website/xsqs.yingxiong.com/views/layouts/pc/main.php:11
    in /mnt/hgfs/data/cmgephp/cms2/website/xsqs.yingxiong.com/controllers/SiteController.php:23
2017-08-16 14:25:06 [192.168.72.1][-][-][trace][yii\base\View::renderFile] Rendering view file: /mnt/hgfs/data/cmgephp/cms2/website/xsqs.yingxiong.com/views/layouts/pc/header_top.php
    in /mnt/hgfs/data/cmgephp/cms2/website/xsqs.yingxiong.com/views/layouts/pc/header.php:1
    in /mnt/hgfs/data/cmgephp/cms2/website/xsqs.yingxiong.com/views/layouts/pc/main.php:11
    in /mnt/hgfs/data/cmgephp/cms2/website/xsqs.yingxiong.com/controllers/SiteController.php:23
2017-08-16 14:25:07 [192.168.72.1][-][-][trace][yii\base\View::renderFile] Rendering view file: /mnt/hgfs/data/cmgephp/cms2/website/xsqs.yingxiong.com/views/layouts/pc/footer.php
    in /mnt/hgfs/data/cmgephp/cms2/website/xsqs.yingxiong.com/views/layouts/pc/main.php:41
    in /mnt/hgfs/data/cmgephp/cms2/website/xsqs.yingxiong.com/controllers/SiteController.php:23
2017-08-16 14:25:07 [192.168.72.1][-][-][trace][yii\base\View::renderFile] Rendering view file: /mnt/hgfs/data/cmgephp/cms2/website/xsqs.yingxiong.com/views/layouts/pc/footer_bottom.php
    in /mnt/hgfs/data/cmgephp/cms2/website/xsqs.yingxiong.com/views/layouts/pc/footer.php:8
    in /mnt/hgfs/data/cmgephp/cms2/website/xsqs.yingxiong.com/views/layouts/pc/main.php:41
    in /mnt/hgfs/data/cmgephp/cms2/website/xsqs.yingxiong.com/controllers/SiteController.php:23
2017-08-16 14:25:06 [192.168.72.1][-][-][info][application] $_COOKIE = [
    'UM_distinctid' => '15c0bbcc057130-0b1e95d46483b6-63171875-1fa400-15c0bbcc058af7'
    'pgv_pvi' => '6396246016'
    'pgv_pvid' => '796308022'
    '_ga' => 'GA1.2.394579148.1495526101'
    'hero_bbs_uuid' => '7F64774F-BC0D-5D55-788C-C7023EF57D66'
    'Hm_lvt_744fc26928ce00373c1f19768d018dce' => '1502087489,1502087604,1502279135,1502681662'
    'advanced-frontend' => '6uj11aoss5cb3a13qo1dklvb01'
    'cms_csrf' => 'fc89ab204f47329df640380b8f2af06f75d05cbec7a20a6e2c00937fcd741b1fa:2:{i:0;s:8:\"cms_csrf\";i:1;s:32:\"73HEpdGq6mS2mr8No1eWZtNPawCE4SWt\";}'
]

$_SESSION = [
    '__flash' => []
    'channel_name' => 'pcgw'
    'language' => 'zh_cn'
]

$_SERVER = [
    'USER' => 'www'
    'HOME' => '/home/www'
    'FCGI_ROLE' => 'RESPONDER'
    'QUERY_STRING' => ''
    'REQUEST_METHOD' => 'GET'
    'CONTENT_TYPE' => ''
    'CONTENT_LENGTH' => ''
    'SCRIPT_NAME' => '/index.php'
    'REQUEST_URI' => '/'
    'DOCUMENT_URI' => '/index.php'
    'DOCUMENT_ROOT' => '/data/cmgephp/cms2/website/xsqs.yingxiong.com/web'
    'SERVER_PROTOCOL' => 'HTTP/1.1'
    'REQUEST_SCHEME' => 'http'
    'GATEWAY_INTERFACE' => 'CGI/1.1'
    'SERVER_SOFTWARE' => 'nginx/1.10.0'
    'REMOTE_ADDR' => '192.168.72.1'
    'REMOTE_PORT' => '49310'
    'SERVER_ADDR' => '192.168.72.128'
    'SERVER_PORT' => '80'
    'SERVER_NAME' => 'xsqs.me.yingxiong.com'
    'REDIRECT_STATUS' => '200'
    'PATH_INFO' => ''
    'SCRIPT_FILENAME' => '/data/cmgephp/cms2/website/xsqs.yingxiong.com/web/index.php'
    'HTTP_HOST' => 'xsqs.me.yingxiong.com'
    'HTTP_CONNECTION' => 'keep-alive'
    'HTTP_CACHE_CONTROL' => 'max-age=0'
    'HTTP_UPGRADE_INSECURE_REQUESTS' => '1'
    'HTTP_USER_AGENT' => 'Mozilla/5.0 (Windows NT 6.1; WOW64) AppleWebKit/537.36 (KHTML, like Gecko) Chrome/58.0.3029.81 Safari/537.36'
    'HTTP_ACCEPT' => 'text/html,application/xhtml+xml,application/xml;q=0.9,image/webp,*/*;q=0.8'
    'HTTP_ACCEPT_ENCODING' => 'gzip, deflate, sdch'
    'HTTP_ACCEPT_LANGUAGE' => 'zh-CN,zh;q=0.8'
    'HTTP_COOKIE' => 'UM_distinctid=15c0bbcc057130-0b1e95d46483b6-63171875-1fa400-15c0bbcc058af7; pgv_pvi=6396246016; pgv_pvid=796308022; _ga=GA1.2.394579148.1495526101; hero_bbs_uuid=7F64774F-BC0D-5D55-788C-C7023EF57D66; Hm_lvt_744fc26928ce00373c1f19768d018dce=1502087489,1502087604,1502279135,1502681662; advanced-frontend=6uj11aoss5cb3a13qo1dklvb01; cms_csrf=fc89ab204f47329df640380b8f2af06f75d05cbec7a20a6e2c00937fcd741b1fa%3A2%3A%7Bi%3A0%3Bs%3A8%3A%22cms_csrf%22%3Bi%3A1%3Bs%3A32%3A%2273HEpdGq6mS2mr8No1eWZtNPawCE4SWt%22%3B%7D'
    'HTTP_SOCKETLOG' => 'SocketLog(tabid=2&client_id=)'
    'PHP_SELF' => ''
    'REQUEST_TIME_FLOAT' => 1502864706.6542
    'REQUEST_TIME' => 1502864706
]
2017-08-16 14:25:07 [192.168.72.1][-][-][trace][yii\base\Application::bootstrap] Bootstrap with yii\log\Dispatcher
2017-08-16 14:25:07 [192.168.72.1][-][-][trace][yii\base\Application::bootstrap] Bootstrap with yii\log\Dispatcher
2017-08-16 14:25:07 [192.168.72.1][-][-][trace][yii\base\Module::getModule] Loading module: debug
2017-08-16 14:25:07 [192.168.72.1][-][-][trace][yii\base\Application::bootstrap] Bootstrap with yii\debug\Module::bootstrap()
2017-08-16 14:25:07 [192.168.72.1][-][-][trace][yii\web\UrlManager::parseRequest] [
    'rule' => 'debug',
    'match' => false,
    'parent' => null,
]
    in /mnt/hgfs/data/cmgephp/cms2/common/components/UrlManager.php:48
2017-08-16 14:25:07 [192.168.72.1][-][-][trace][yii\web\UrlManager::parseRequest] [
    'rule' => 'debug/<controller:[\\w\\-]+>/<action:[\\w\\-]+>',
    'match' => false,
    'parent' => null,
]
    in /mnt/hgfs/data/cmgephp/cms2/common/components/UrlManager.php:48
2017-08-16 14:25:07 [192.168.72.1][-][-][trace][yii\web\UrlManager::parseRequest] [
    'rule' => 'm/cover',
    'match' => false,
    'parent' => null,
]
    in /mnt/hgfs/data/cmgephp/cms2/common/components/UrlManager.php:48
2017-08-16 14:25:07 [192.168.72.1][-][-][trace][yii\web\UrlManager::parseRequest] [
    'rule' => 'm/index',
    'match' => false,
    'parent' => null,
]
    in /mnt/hgfs/data/cmgephp/cms2/common/components/UrlManager.php:48
2017-08-16 14:25:07 [192.168.72.1][-][-][trace][yii\web\UrlManager::parseRequest] [
    'rule' => 'm/<controller:\\w+>/<action:\\w+>',
    'match' => false,
    'parent' => null,
]
    in /mnt/hgfs/data/cmgephp/cms2/common/components/UrlManager.php:48
2017-08-16 14:25:07 [192.168.72.1][-][-][trace][yii\web\UrlManager::parseRequest] [
    'rule' => 'index',
    'match' => false,
    'parent' => null,
]
    in /mnt/hgfs/data/cmgephp/cms2/common/components/UrlManager.php:48
2017-08-16 14:25:07 [192.168.72.1][-][-][trace][yii\web\UrlManager::parseRequest] No matching URL rules. Using default URL parsing logic.
    in /mnt/hgfs/data/cmgephp/cms2/common/components/UrlManager.php:48
2017-08-16 14:25:07 [192.168.72.1][-][-][trace][yii\web\Application::handleRequest] Route requested: 'site/index'
2017-08-16 14:25:07 [192.168.72.1][-][-][trace][yii\base\Controller::runAction] Route to run: site/index
2017-08-16 14:25:07 [192.168.72.1][-][-][trace][yii\base\InlineAction::runWithParams] Running action: app\controllers\SiteController::actionIndex()
2017-08-16 14:25:07 [192.168.72.1][-][-][trace][yii\base\View::renderFile] Rendering view file: /mnt/hgfs/data/cmgephp/cms2/website/xsqs.yingxiong.com/views/site/index.php
    in /mnt/hgfs/data/cmgephp/cms2/website/xsqs.yingxiong.com/controllers/SiteController.php:23
2017-08-16 14:25:07 [192.168.72.1][-][-][trace][yii\base\View::renderFile] Rendering view file: /mnt/hgfs/data/cmgephp/cms2/website/xsqs.yingxiong.com/views/layouts/pc/main.php
    in /mnt/hgfs/data/cmgephp/cms2/website/xsqs.yingxiong.com/controllers/SiteController.php:23
2017-08-16 14:25:07 [192.168.72.1][-][-][trace][yii\base\View::renderFile] Rendering view file: /mnt/hgfs/data/cmgephp/cms2/website/xsqs.yingxiong.com/views/layouts/pc/header.php
    in /mnt/hgfs/data/cmgephp/cms2/website/xsqs.yingxiong.com/views/layouts/pc/main.php:11
    in /mnt/hgfs/data/cmgephp/cms2/website/xsqs.yingxiong.com/controllers/SiteController.php:23
2017-08-16 14:25:07 [192.168.72.1][-][-][trace][yii\base\View::renderFile] Rendering view file: /mnt/hgfs/data/cmgephp/cms2/website/xsqs.yingxiong.com/views/layouts/pc/header_top.php
    in /mnt/hgfs/data/cmgephp/cms2/website/xsqs.yingxiong.com/views/layouts/pc/header.php:1
    in /mnt/hgfs/data/cmgephp/cms2/website/xsqs.yingxiong.com/views/layouts/pc/main.php:11
    in /mnt/hgfs/data/cmgephp/cms2/website/xsqs.yingxiong.com/controllers/SiteController.php:23
2017-08-16 14:25:07 [192.168.72.1][-][-][trace][yii\base\View::renderFile] Rendering view file: /mnt/hgfs/data/cmgephp/cms2/website/xsqs.yingxiong.com/views/layouts/pc/footer.php
    in /mnt/hgfs/data/cmgephp/cms2/website/xsqs.yingxiong.com/views/layouts/pc/main.php:41
    in /mnt/hgfs/data/cmgephp/cms2/website/xsqs.yingxiong.com/controllers/SiteController.php:23
2017-08-16 14:25:07 [192.168.72.1][-][-][trace][yii\base\View::renderFile] Rendering view file: /mnt/hgfs/data/cmgephp/cms2/website/xsqs.yingxiong.com/views/layouts/pc/footer_bottom.php
    in /mnt/hgfs/data/cmgephp/cms2/website/xsqs.yingxiong.com/views/layouts/pc/footer.php:8
    in /mnt/hgfs/data/cmgephp/cms2/website/xsqs.yingxiong.com/views/layouts/pc/main.php:41
    in /mnt/hgfs/data/cmgephp/cms2/website/xsqs.yingxiong.com/controllers/SiteController.php:23
2017-08-16 14:25:07 [192.168.72.1][-][-][info][application] $_COOKIE = [
    'UM_distinctid' => '15c0bbcc057130-0b1e95d46483b6-63171875-1fa400-15c0bbcc058af7'
    'pgv_pvi' => '6396246016'
    'pgv_pvid' => '796308022'
    '_ga' => 'GA1.2.394579148.1495526101'
    'hero_bbs_uuid' => '7F64774F-BC0D-5D55-788C-C7023EF57D66'
    'Hm_lvt_744fc26928ce00373c1f19768d018dce' => '1502087489,1502087604,1502279135,1502681662'
    'advanced-frontend' => '6uj11aoss5cb3a13qo1dklvb01'
    'cms_csrf' => 'fc89ab204f47329df640380b8f2af06f75d05cbec7a20a6e2c00937fcd741b1fa:2:{i:0;s:8:\"cms_csrf\";i:1;s:32:\"73HEpdGq6mS2mr8No1eWZtNPawCE4SWt\";}'
]

$_SESSION = [
    '__flash' => []
    'channel_name' => 'pcgw'
    'language' => 'zh_cn'
]

$_SERVER = [
    'USER' => 'www'
    'HOME' => '/home/www'
    'FCGI_ROLE' => 'RESPONDER'
    'QUERY_STRING' => ''
    'REQUEST_METHOD' => 'GET'
    'CONTENT_TYPE' => ''
    'CONTENT_LENGTH' => ''
    'SCRIPT_NAME' => '/index.php'
    'REQUEST_URI' => '/'
    'DOCUMENT_URI' => '/index.php'
    'DOCUMENT_ROOT' => '/data/cmgephp/cms2/website/xsqs.yingxiong.com/web'
    'SERVER_PROTOCOL' => 'HTTP/1.1'
    'REQUEST_SCHEME' => 'http'
    'GATEWAY_INTERFACE' => 'CGI/1.1'
    'SERVER_SOFTWARE' => 'nginx/1.10.0'
    'REMOTE_ADDR' => '192.168.72.1'
    'REMOTE_PORT' => '49310'
    'SERVER_ADDR' => '192.168.72.128'
    'SERVER_PORT' => '80'
    'SERVER_NAME' => 'xsqs.me.yingxiong.com'
    'REDIRECT_STATUS' => '200'
    'PATH_INFO' => ''
    'SCRIPT_FILENAME' => '/data/cmgephp/cms2/website/xsqs.yingxiong.com/web/index.php'
    'HTTP_HOST' => 'xsqs.me.yingxiong.com'
    'HTTP_CONNECTION' => 'keep-alive'
    'HTTP_CACHE_CONTROL' => 'max-age=0'
    'HTTP_UPGRADE_INSECURE_REQUESTS' => '1'
    'HTTP_USER_AGENT' => 'Mozilla/5.0 (Windows NT 6.1; WOW64) AppleWebKit/537.36 (KHTML, like Gecko) Chrome/58.0.3029.81 Safari/537.36'
    'HTTP_ACCEPT' => 'text/html,application/xhtml+xml,application/xml;q=0.9,image/webp,*/*;q=0.8'
    'HTTP_ACCEPT_ENCODING' => 'gzip, deflate, sdch'
    'HTTP_ACCEPT_LANGUAGE' => 'zh-CN,zh;q=0.8'
    'HTTP_COOKIE' => 'UM_distinctid=15c0bbcc057130-0b1e95d46483b6-63171875-1fa400-15c0bbcc058af7; pgv_pvi=6396246016; pgv_pvid=796308022; _ga=GA1.2.394579148.1495526101; hero_bbs_uuid=7F64774F-BC0D-5D55-788C-C7023EF57D66; Hm_lvt_744fc26928ce00373c1f19768d018dce=1502087489,1502087604,1502279135,1502681662; advanced-frontend=6uj11aoss5cb3a13qo1dklvb01; cms_csrf=fc89ab204f47329df640380b8f2af06f75d05cbec7a20a6e2c00937fcd741b1fa%3A2%3A%7Bi%3A0%3Bs%3A8%3A%22cms_csrf%22%3Bi%3A1%3Bs%3A32%3A%2273HEpdGq6mS2mr8No1eWZtNPawCE4SWt%22%3B%7D'
    'HTTP_SOCKETLOG' => 'SocketLog(tabid=2&client_id=)'
    'PHP_SELF' => ''
    'REQUEST_TIME_FLOAT' => 1502864707.6193
    'REQUEST_TIME' => 1502864707
]
2017-08-16 14:25:33 [192.168.72.1][-][-][trace][yii\base\Application::bootstrap] Bootstrap with yii\log\Dispatcher
2017-08-16 14:25:33 [192.168.72.1][-][-][trace][yii\base\Application::bootstrap] Bootstrap with yii\log\Dispatcher
2017-08-16 14:25:33 [192.168.72.1][-][-][trace][yii\base\Module::getModule] Loading module: debug
2017-08-16 14:25:33 [192.168.72.1][-][-][trace][yii\base\Application::bootstrap] Bootstrap with yii\debug\Module::bootstrap()
2017-08-16 14:25:33 [192.168.72.1][-][-][trace][yii\web\UrlManager::parseRequest] [
    'rule' => 'debug',
    'match' => false,
    'parent' => null,
]
    in /mnt/hgfs/data/cmgephp/cms2/common/components/UrlManager.php:48
2017-08-16 14:25:33 [192.168.72.1][-][-][trace][yii\web\UrlManager::parseRequest] [
    'rule' => 'debug/<controller:[\\w\\-]+>/<action:[\\w\\-]+>',
    'match' => false,
    'parent' => null,
]
    in /mnt/hgfs/data/cmgephp/cms2/common/components/UrlManager.php:48
2017-08-16 14:25:33 [192.168.72.1][-][-][trace][yii\web\UrlManager::parseRequest] [
    'rule' => 'm/cover',
    'match' => false,
    'parent' => null,
]
    in /mnt/hgfs/data/cmgephp/cms2/common/components/UrlManager.php:48
2017-08-16 14:25:33 [192.168.72.1][-][-][trace][yii\web\UrlManager::parseRequest] [
    'rule' => 'm/index',
    'match' => false,
    'parent' => null,
]
    in /mnt/hgfs/data/cmgephp/cms2/common/components/UrlManager.php:48
2017-08-16 14:25:33 [192.168.72.1][-][-][trace][yii\web\UrlManager::parseRequest] [
    'rule' => 'm/<controller:\\w+>/<action:\\w+>',
    'match' => false,
    'parent' => null,
]
    in /mnt/hgfs/data/cmgephp/cms2/common/components/UrlManager.php:48
2017-08-16 14:25:33 [192.168.72.1][-][-][trace][yii\web\UrlManager::parseRequest] [
    'rule' => 'index',
    'match' => false,
    'parent' => null,
]
    in /mnt/hgfs/data/cmgephp/cms2/common/components/UrlManager.php:48
2017-08-16 14:25:33 [192.168.72.1][-][-][trace][yii\web\UrlManager::parseRequest] No matching URL rules. Using default URL parsing logic.
    in /mnt/hgfs/data/cmgephp/cms2/common/components/UrlManager.php:48
2017-08-16 14:25:33 [192.168.72.1][-][-][trace][yii\web\Application::handleRequest] Route requested: 'site/cover'
2017-08-16 14:25:33 [192.168.72.1][-][-][trace][yii\base\Controller::runAction] Route to run: site/cover
2017-08-16 14:25:33 [192.168.72.1][-][-][trace][yii\base\InlineAction::runWithParams] Running action: app\controllers\SiteController::actionCover()
2017-08-16 14:25:33 [192.168.72.1][-][-][trace][yii\base\View::renderFile] Rendering view file: /mnt/hgfs/data/cmgephp/cms2/website/xsqs.yingxiong.com/views/site/cover.html
    in /mnt/hgfs/data/cmgephp/cms2/website/xsqs.yingxiong.com/controllers/SiteController.php:18
2017-08-16 14:25:33 [192.168.72.1][-][-][info][application] $_COOKIE = [
    'UM_distinctid' => '15c0bbcc057130-0b1e95d46483b6-63171875-1fa400-15c0bbcc058af7'
    'pgv_pvi' => '6396246016'
    'pgv_pvid' => '796308022'
    '_ga' => 'GA1.2.394579148.1495526101'
    'hero_bbs_uuid' => '7F64774F-BC0D-5D55-788C-C7023EF57D66'
    'Hm_lvt_744fc26928ce00373c1f19768d018dce' => '1502087489,1502087604,1502279135,1502681662'
    'advanced-frontend' => '6uj11aoss5cb3a13qo1dklvb01'
    'cms_csrf' => 'fc89ab204f47329df640380b8f2af06f75d05cbec7a20a6e2c00937fcd741b1fa:2:{i:0;s:8:\"cms_csrf\";i:1;s:32:\"73HEpdGq6mS2mr8No1eWZtNPawCE4SWt\";}'
]

$_SESSION = [
    '__flash' => []
    'channel_name' => 'pcgw'
    'language' => 'zh_cn'
]

$_SERVER = [
    'USER' => 'www'
    'HOME' => '/home/www'
    'FCGI_ROLE' => 'RESPONDER'
    'QUERY_STRING' => ''
    'REQUEST_METHOD' => 'GET'
    'CONTENT_TYPE' => ''
    'CONTENT_LENGTH' => ''
    'SCRIPT_NAME' => '/index.php'
    'REQUEST_URI' => '/'
    'DOCUMENT_URI' => '/index.php'
    'DOCUMENT_ROOT' => '/data/cmgephp/cms2/website/xsqs.yingxiong.com/web'
    'SERVER_PROTOCOL' => 'HTTP/1.1'
    'REQUEST_SCHEME' => 'http'
    'GATEWAY_INTERFACE' => 'CGI/1.1'
    'SERVER_SOFTWARE' => 'nginx/1.10.0'
    'REMOTE_ADDR' => '192.168.72.1'
    'REMOTE_PORT' => '49310'
    'SERVER_ADDR' => '192.168.72.128'
    'SERVER_PORT' => '80'
    'SERVER_NAME' => 'xsqs.me.yingxiong.com'
    'REDIRECT_STATUS' => '200'
    'PATH_INFO' => ''
    'SCRIPT_FILENAME' => '/data/cmgephp/cms2/website/xsqs.yingxiong.com/web/index.php'
    'HTTP_HOST' => 'xsqs.me.yingxiong.com'
    'HTTP_CONNECTION' => 'keep-alive'
    'HTTP_CACHE_CONTROL' => 'max-age=0'
    'HTTP_UPGRADE_INSECURE_REQUESTS' => '1'
    'HTTP_USER_AGENT' => 'Mozilla/5.0 (Windows NT 6.1; WOW64) AppleWebKit/537.36 (KHTML, like Gecko) Chrome/58.0.3029.81 Safari/537.36'
    'HTTP_ACCEPT' => 'text/html,application/xhtml+xml,application/xml;q=0.9,image/webp,*/*;q=0.8'
    'HTTP_ACCEPT_ENCODING' => 'gzip, deflate, sdch'
    'HTTP_ACCEPT_LANGUAGE' => 'zh-CN,zh;q=0.8'
    'HTTP_COOKIE' => 'UM_distinctid=15c0bbcc057130-0b1e95d46483b6-63171875-1fa400-15c0bbcc058af7; pgv_pvi=6396246016; pgv_pvid=796308022; _ga=GA1.2.394579148.1495526101; hero_bbs_uuid=7F64774F-BC0D-5D55-788C-C7023EF57D66; Hm_lvt_744fc26928ce00373c1f19768d018dce=1502087489,1502087604,1502279135,1502681662; advanced-frontend=6uj11aoss5cb3a13qo1dklvb01; cms_csrf=fc89ab204f47329df640380b8f2af06f75d05cbec7a20a6e2c00937fcd741b1fa%3A2%3A%7Bi%3A0%3Bs%3A8%3A%22cms_csrf%22%3Bi%3A1%3Bs%3A32%3A%2273HEpdGq6mS2mr8No1eWZtNPawCE4SWt%22%3B%7D'
    'HTTP_SOCKETLOG' => 'SocketLog(tabid=2&client_id=)'
    'PHP_SELF' => ''
    'REQUEST_TIME_FLOAT' => 1502864732.9807
    'REQUEST_TIME' => 1502864732
]
2017-08-16 14:31:40 [192.168.72.1][-][-][trace][yii\base\Application::bootstrap] Bootstrap with yii\log\Dispatcher
2017-08-16 14:31:40 [192.168.72.1][-][-][trace][yii\base\Application::bootstrap] Bootstrap with yii\log\Dispatcher
2017-08-16 14:31:40 [192.168.72.1][-][-][trace][yii\base\Module::getModule] Loading module: debug
2017-08-16 14:31:40 [192.168.72.1][-][-][trace][yii\base\Application::bootstrap] Bootstrap with yii\debug\Module::bootstrap()
2017-08-16 14:31:40 [192.168.72.1][-][-][trace][yii\web\UrlManager::parseRequest] [
    'rule' => 'debug',
    'match' => false,
    'parent' => null,
]
    in /mnt/hgfs/data/cmgephp/cms2/common/components/UrlManager.php:48
2017-08-16 14:31:40 [192.168.72.1][-][-][trace][yii\web\UrlManager::parseRequest] [
    'rule' => 'debug/<controller:[\\w\\-]+>/<action:[\\w\\-]+>',
    'match' => false,
    'parent' => null,
]
    in /mnt/hgfs/data/cmgephp/cms2/common/components/UrlManager.php:48
2017-08-16 14:31:40 [192.168.72.1][-][-][trace][yii\web\UrlManager::parseRequest] [
    'rule' => 'm/cover',
    'match' => false,
    'parent' => null,
]
    in /mnt/hgfs/data/cmgephp/cms2/common/components/UrlManager.php:48
2017-08-16 14:31:40 [192.168.72.1][-][-][trace][yii\web\UrlManager::parseRequest] [
    'rule' => 'm/index',
    'match' => false,
    'parent' => null,
]
    in /mnt/hgfs/data/cmgephp/cms2/common/components/UrlManager.php:48
2017-08-16 14:31:40 [192.168.72.1][-][-][trace][yii\web\UrlManager::parseRequest] [
    'rule' => 'm/<controller:\\w+>/<action:\\w+>',
    'match' => false,
    'parent' => null,
]
    in /mnt/hgfs/data/cmgephp/cms2/common/components/UrlManager.php:48
2017-08-16 14:31:40 [192.168.72.1][-][-][trace][yii\web\UrlManager::parseRequest] [
    'rule' => 'index',
    'match' => false,
    'parent' => null,
]
    in /mnt/hgfs/data/cmgephp/cms2/common/components/UrlManager.php:48
2017-08-16 14:31:40 [192.168.72.1][-][-][trace][yii\web\UrlManager::parseRequest] No matching URL rules. Using default URL parsing logic.
    in /mnt/hgfs/data/cmgephp/cms2/common/components/UrlManager.php:48
2017-08-16 14:31:40 [192.168.72.1][-][-][trace][yii\web\Application::handleRequest] Route requested: 'site/cover'
2017-08-16 14:31:40 [192.168.72.1][-][-][trace][yii\base\Controller::runAction] Route to run: site/cover
2017-08-16 14:31:40 [192.168.72.1][-][-][trace][yii\base\InlineAction::runWithParams] Running action: app\controllers\SiteController::actionCover()
2017-08-16 14:31:40 [192.168.72.1][-][-][trace][yii\base\View::renderFile] Rendering view file: /mnt/hgfs/data/cmgephp/cms2/website/xsqs.yingxiong.com/views/site/cover.html
    in /mnt/hgfs/data/cmgephp/cms2/website/xsqs.yingxiong.com/controllers/SiteController.php:18
2017-08-16 14:31:40 [192.168.72.1][-][-][info][application] $_COOKIE = [
    'UM_distinctid' => '15c0bbcc057130-0b1e95d46483b6-63171875-1fa400-15c0bbcc058af7'
    'pgv_pvi' => '6396246016'
    'pgv_pvid' => '796308022'
    '_ga' => 'GA1.2.394579148.1495526101'
    'hero_bbs_uuid' => '7F64774F-BC0D-5D55-788C-C7023EF57D66'
    'Hm_lvt_744fc26928ce00373c1f19768d018dce' => '1502087489,1502087604,1502279135,1502681662'
    'advanced-frontend' => '6uj11aoss5cb3a13qo1dklvb01'
    'cms_csrf' => 'fc89ab204f47329df640380b8f2af06f75d05cbec7a20a6e2c00937fcd741b1fa:2:{i:0;s:8:\"cms_csrf\";i:1;s:32:\"73HEpdGq6mS2mr8No1eWZtNPawCE4SWt\";}'
]

$_SESSION = [
    '__flash' => []
    'channel_name' => 'pcgw'
    'language' => 'zh_cn'
]

$_SERVER = [
    'USER' => 'www'
    'HOME' => '/home/www'
    'FCGI_ROLE' => 'RESPONDER'
    'QUERY_STRING' => ''
    'REQUEST_METHOD' => 'GET'
    'CONTENT_TYPE' => ''
    'CONTENT_LENGTH' => ''
    'SCRIPT_NAME' => '/index.php'
    'REQUEST_URI' => '/'
    'DOCUMENT_URI' => '/index.php'
    'DOCUMENT_ROOT' => '/data/cmgephp/cms2/website/xsqs.yingxiong.com/web'
    'SERVER_PROTOCOL' => 'HTTP/1.1'
    'REQUEST_SCHEME' => 'http'
    'GATEWAY_INTERFACE' => 'CGI/1.1'
    'SERVER_SOFTWARE' => 'nginx/1.10.0'
    'REMOTE_ADDR' => '192.168.72.1'
    'REMOTE_PORT' => '50125'
    'SERVER_ADDR' => '192.168.72.128'
    'SERVER_PORT' => '80'
    'SERVER_NAME' => 'xsqs.me.yingxiong.com'
    'REDIRECT_STATUS' => '200'
    'PATH_INFO' => ''
    'SCRIPT_FILENAME' => '/data/cmgephp/cms2/website/xsqs.yingxiong.com/web/index.php'
    'HTTP_HOST' => 'xsqs.me.yingxiong.com'
    'HTTP_CONNECTION' => 'keep-alive'
    'HTTP_CACHE_CONTROL' => 'max-age=0'
    'HTTP_UPGRADE_INSECURE_REQUESTS' => '1'
    'HTTP_USER_AGENT' => 'Mozilla/5.0 (Windows NT 6.1; WOW64) AppleWebKit/537.36 (KHTML, like Gecko) Chrome/58.0.3029.81 Safari/537.36'
    'HTTP_ACCEPT' => 'text/html,application/xhtml+xml,application/xml;q=0.9,image/webp,*/*;q=0.8'
    'HTTP_ACCEPT_ENCODING' => 'gzip, deflate, sdch'
    'HTTP_ACCEPT_LANGUAGE' => 'zh-CN,zh;q=0.8'
    'HTTP_COOKIE' => 'UM_distinctid=15c0bbcc057130-0b1e95d46483b6-63171875-1fa400-15c0bbcc058af7; pgv_pvi=6396246016; pgv_pvid=796308022; _ga=GA1.2.394579148.1495526101; hero_bbs_uuid=7F64774F-BC0D-5D55-788C-C7023EF57D66; Hm_lvt_744fc26928ce00373c1f19768d018dce=1502087489,1502087604,1502279135,1502681662; advanced-frontend=6uj11aoss5cb3a13qo1dklvb01; cms_csrf=fc89ab204f47329df640380b8f2af06f75d05cbec7a20a6e2c00937fcd741b1fa%3A2%3A%7Bi%3A0%3Bs%3A8%3A%22cms_csrf%22%3Bi%3A1%3Bs%3A32%3A%2273HEpdGq6mS2mr8No1eWZtNPawCE4SWt%22%3B%7D'
    'HTTP_SOCKETLOG' => 'SocketLog(tabid=2&client_id=)'
    'PHP_SELF' => ''
    'REQUEST_TIME_FLOAT' => 1502865100.6463
    'REQUEST_TIME' => 1502865100
]
2017-08-16 14:35:52 [192.168.72.1][-][-][trace][yii\base\Application::bootstrap] Bootstrap with yii\log\Dispatcher
2017-08-16 14:35:52 [192.168.72.1][-][-][trace][yii\base\Application::bootstrap] Bootstrap with yii\log\Dispatcher
2017-08-16 14:35:52 [192.168.72.1][-][-][trace][yii\base\Module::getModule] Loading module: debug
2017-08-16 14:35:52 [192.168.72.1][-][-][trace][yii\base\Application::bootstrap] Bootstrap with yii\debug\Module::bootstrap()
2017-08-16 14:35:52 [192.168.72.1][-][-][trace][yii\web\UrlManager::parseRequest] [
    'rule' => 'debug',
    'match' => false,
    'parent' => null,
]
    in /mnt/hgfs/data/cmgephp/cms2/common/components/UrlManager.php:48
2017-08-16 14:35:52 [192.168.72.1][-][-][trace][yii\web\UrlManager::parseRequest] [
    'rule' => 'debug/<controller:[\\w\\-]+>/<action:[\\w\\-]+>',
    'match' => false,
    'parent' => null,
]
    in /mnt/hgfs/data/cmgephp/cms2/common/components/UrlManager.php:48
2017-08-16 14:35:52 [192.168.72.1][-][-][trace][yii\web\UrlManager::parseRequest] [
    'rule' => 'm/cover',
    'match' => false,
    'parent' => null,
]
    in /mnt/hgfs/data/cmgephp/cms2/common/components/UrlManager.php:48
2017-08-16 14:35:52 [192.168.72.1][-][-][trace][yii\web\UrlManager::parseRequest] [
    'rule' => 'm/index',
    'match' => false,
    'parent' => null,
]
    in /mnt/hgfs/data/cmgephp/cms2/common/components/UrlManager.php:48
2017-08-16 14:35:52 [192.168.72.1][-][-][trace][yii\web\UrlManager::parseRequest] [
    'rule' => 'm/<controller:\\w+>/<action:\\w+>',
    'match' => false,
    'parent' => null,
]
    in /mnt/hgfs/data/cmgephp/cms2/common/components/UrlManager.php:48
2017-08-16 14:35:52 [192.168.72.1][-][-][trace][yii\web\UrlManager::parseRequest] [
    'rule' => 'index',
    'match' => false,
    'parent' => null,
]
    in /mnt/hgfs/data/cmgephp/cms2/common/components/UrlManager.php:48
2017-08-16 14:35:52 [192.168.72.1][-][-][trace][yii\web\UrlManager::parseRequest] No matching URL rules. Using default URL parsing logic.
    in /mnt/hgfs/data/cmgephp/cms2/common/components/UrlManager.php:48
2017-08-16 14:35:52 [192.168.72.1][-][-][trace][yii\web\Application::handleRequest] Route requested: 'site/cover'
2017-08-16 14:35:52 [192.168.72.1][-][-][trace][yii\base\Controller::runAction] Route to run: site/cover
2017-08-16 14:35:52 [192.168.72.1][-][-][trace][yii\base\InlineAction::runWithParams] Running action: app\controllers\SiteController::actionCover()
2017-08-16 14:35:52 [192.168.72.1][-][-][info][application] $_COOKIE = [
    'UM_distinctid' => '15c0bbcc057130-0b1e95d46483b6-63171875-1fa400-15c0bbcc058af7'
    'pgv_pvi' => '6396246016'
    'pgv_pvid' => '796308022'
    '_ga' => 'GA1.2.394579148.1495526101'
    'hero_bbs_uuid' => '7F64774F-BC0D-5D55-788C-C7023EF57D66'
    'Hm_lvt_744fc26928ce00373c1f19768d018dce' => '1502087489,1502087604,1502279135,1502681662'
    'advanced-frontend' => '6uj11aoss5cb3a13qo1dklvb01'
    'cms_csrf' => 'fc89ab204f47329df640380b8f2af06f75d05cbec7a20a6e2c00937fcd741b1fa:2:{i:0;s:8:\"cms_csrf\";i:1;s:32:\"73HEpdGq6mS2mr8No1eWZtNPawCE4SWt\";}'
]

$_SESSION = [
    '__flash' => []
    'channel_name' => 'pcgw'
    'language' => 'zh_cn'
]

$_SERVER = [
    'USER' => 'www'
    'HOME' => '/home/www'
    'FCGI_ROLE' => 'RESPONDER'
    'QUERY_STRING' => ''
    'REQUEST_METHOD' => 'GET'
    'CONTENT_TYPE' => ''
    'CONTENT_LENGTH' => ''
    'SCRIPT_NAME' => '/index.php'
    'REQUEST_URI' => '/'
    'DOCUMENT_URI' => '/index.php'
    'DOCUMENT_ROOT' => '/data/cmgephp/cms2/website/xsqs.yingxiong.com/web'
    'SERVER_PROTOCOL' => 'HTTP/1.1'
    'REQUEST_SCHEME' => 'http'
    'GATEWAY_INTERFACE' => 'CGI/1.1'
    'SERVER_SOFTWARE' => 'nginx/1.10.0'
    'REMOTE_ADDR' => '192.168.72.1'
    'REMOTE_PORT' => '50754'
    'SERVER_ADDR' => '192.168.72.128'
    'SERVER_PORT' => '80'
    'SERVER_NAME' => 'xsqs.me.yingxiong.com'
    'REDIRECT_STATUS' => '200'
    'PATH_INFO' => ''
    'SCRIPT_FILENAME' => '/data/cmgephp/cms2/website/xsqs.yingxiong.com/web/index.php'
    'HTTP_HOST' => 'xsqs.me.yingxiong.com'
    'HTTP_CONNECTION' => 'keep-alive'
    'HTTP_CACHE_CONTROL' => 'max-age=0'
    'HTTP_UPGRADE_INSECURE_REQUESTS' => '1'
    'HTTP_USER_AGENT' => 'Mozilla/5.0 (Windows NT 6.1; WOW64) AppleWebKit/537.36 (KHTML, like Gecko) Chrome/58.0.3029.81 Safari/537.36'
    'HTTP_ACCEPT' => 'text/html,application/xhtml+xml,application/xml;q=0.9,image/webp,*/*;q=0.8'
    'HTTP_ACCEPT_ENCODING' => 'gzip, deflate, sdch'
    'HTTP_ACCEPT_LANGUAGE' => 'zh-CN,zh;q=0.8'
    'HTTP_COOKIE' => 'UM_distinctid=15c0bbcc057130-0b1e95d46483b6-63171875-1fa400-15c0bbcc058af7; pgv_pvi=6396246016; pgv_pvid=796308022; _ga=GA1.2.394579148.1495526101; hero_bbs_uuid=7F64774F-BC0D-5D55-788C-C7023EF57D66; Hm_lvt_744fc26928ce00373c1f19768d018dce=1502087489,1502087604,1502279135,1502681662; advanced-frontend=6uj11aoss5cb3a13qo1dklvb01; cms_csrf=fc89ab204f47329df640380b8f2af06f75d05cbec7a20a6e2c00937fcd741b1fa%3A2%3A%7Bi%3A0%3Bs%3A8%3A%22cms_csrf%22%3Bi%3A1%3Bs%3A32%3A%2273HEpdGq6mS2mr8No1eWZtNPawCE4SWt%22%3B%7D'
    'HTTP_SOCKETLOG' => 'SocketLog(tabid=2&client_id=)'
    'PHP_SELF' => ''
    'REQUEST_TIME_FLOAT' => 1502865352.3012
    'REQUEST_TIME' => 1502865352
]
2017-08-16 14:37:32 [192.168.72.1][-][-][trace][yii\base\Application::bootstrap] Bootstrap with yii\log\Dispatcher
2017-08-16 14:37:32 [192.168.72.1][-][-][trace][yii\base\Application::bootstrap] Bootstrap with yii\log\Dispatcher
2017-08-16 14:37:32 [192.168.72.1][-][-][trace][yii\base\Module::getModule] Loading module: debug
2017-08-16 14:37:32 [192.168.72.1][-][-][trace][yii\base\Application::bootstrap] Bootstrap with yii\debug\Module::bootstrap()
2017-08-16 14:37:32 [192.168.72.1][-][-][trace][yii\web\UrlManager::parseRequest] [
    'rule' => 'debug',
    'match' => false,
    'parent' => null,
]
    in /mnt/hgfs/data/cmgephp/cms2/common/components/UrlManager.php:48
2017-08-16 14:37:32 [192.168.72.1][-][-][trace][yii\web\UrlManager::parseRequest] [
    'rule' => 'debug/<controller:[\\w\\-]+>/<action:[\\w\\-]+>',
    'match' => false,
    'parent' => null,
]
    in /mnt/hgfs/data/cmgephp/cms2/common/components/UrlManager.php:48
2017-08-16 14:37:32 [192.168.72.1][-][-][trace][yii\web\UrlManager::parseRequest] [
    'rule' => 'm/cover',
    'match' => false,
    'parent' => null,
]
    in /mnt/hgfs/data/cmgephp/cms2/common/components/UrlManager.php:48
2017-08-16 14:37:32 [192.168.72.1][-][-][trace][yii\web\UrlManager::parseRequest] [
    'rule' => 'm/index',
    'match' => false,
    'parent' => null,
]
    in /mnt/hgfs/data/cmgephp/cms2/common/components/UrlManager.php:48
2017-08-16 14:37:32 [192.168.72.1][-][-][trace][yii\web\UrlManager::parseRequest] [
    'rule' => 'm/<controller:\\w+>/<action:\\w+>',
    'match' => false,
    'parent' => null,
]
    in /mnt/hgfs/data/cmgephp/cms2/common/components/UrlManager.php:48
2017-08-16 14:37:32 [192.168.72.1][-][-][trace][yii\web\UrlManager::parseRequest] [
    'rule' => 'index',
    'match' => false,
    'parent' => null,
]
    in /mnt/hgfs/data/cmgephp/cms2/common/components/UrlManager.php:48
2017-08-16 14:37:32 [192.168.72.1][-][-][trace][yii\web\UrlManager::parseRequest] No matching URL rules. Using default URL parsing logic.
    in /mnt/hgfs/data/cmgephp/cms2/common/components/UrlManager.php:48
2017-08-16 14:37:32 [192.168.72.1][-][-][trace][yii\web\Application::handleRequest] Route requested: 'site/cover'
2017-08-16 14:37:32 [192.168.72.1][-][-][trace][yii\base\Controller::runAction] Route to run: site/cover
2017-08-16 14:37:32 [192.168.72.1][-][-][trace][yii\base\InlineAction::runWithParams] Running action: app\controllers\SiteController::actionCover()
2017-08-16 14:37:32 [192.168.72.1][-][-][info][application] $_COOKIE = [
    'UM_distinctid' => '15c0bbcc057130-0b1e95d46483b6-63171875-1fa400-15c0bbcc058af7'
    'pgv_pvi' => '6396246016'
    'pgv_pvid' => '796308022'
    '_ga' => 'GA1.2.394579148.1495526101'
    'hero_bbs_uuid' => '7F64774F-BC0D-5D55-788C-C7023EF57D66'
    'Hm_lvt_744fc26928ce00373c1f19768d018dce' => '1502087489,1502087604,1502279135,1502681662'
    'advanced-frontend' => '6uj11aoss5cb3a13qo1dklvb01'
    'cms_csrf' => 'fc89ab204f47329df640380b8f2af06f75d05cbec7a20a6e2c00937fcd741b1fa:2:{i:0;s:8:\"cms_csrf\";i:1;s:32:\"73HEpdGq6mS2mr8No1eWZtNPawCE4SWt\";}'
]

$_SESSION = [
    '__flash' => []
    'channel_name' => 'pcgw'
    'language' => 'zh_cn'
]

$_SERVER = [
    'USER' => 'www'
    'HOME' => '/home/www'
    'FCGI_ROLE' => 'RESPONDER'
    'QUERY_STRING' => ''
    'REQUEST_METHOD' => 'GET'
    'CONTENT_TYPE' => ''
    'CONTENT_LENGTH' => ''
    'SCRIPT_NAME' => '/index.php'
    'REQUEST_URI' => '/'
    'DOCUMENT_URI' => '/index.php'
    'DOCUMENT_ROOT' => '/data/cmgephp/cms2/website/xsqs.yingxiong.com/web'
    'SERVER_PROTOCOL' => 'HTTP/1.1'
    'REQUEST_SCHEME' => 'http'
    'GATEWAY_INTERFACE' => 'CGI/1.1'
    'SERVER_SOFTWARE' => 'nginx/1.10.0'
    'REMOTE_ADDR' => '192.168.72.1'
    'REMOTE_PORT' => '50992'
    'SERVER_ADDR' => '192.168.72.128'
    'SERVER_PORT' => '80'
    'SERVER_NAME' => 'xsqs.me.yingxiong.com'
    'REDIRECT_STATUS' => '200'
    'PATH_INFO' => ''
    'SCRIPT_FILENAME' => '/data/cmgephp/cms2/website/xsqs.yingxiong.com/web/index.php'
    'HTTP_HOST' => 'xsqs.me.yingxiong.com'
    'HTTP_CONNECTION' => 'keep-alive'
    'HTTP_CACHE_CONTROL' => 'max-age=0'
    'HTTP_UPGRADE_INSECURE_REQUESTS' => '1'
    'HTTP_USER_AGENT' => 'Mozilla/5.0 (Windows NT 6.1; WOW64) AppleWebKit/537.36 (KHTML, like Gecko) Chrome/58.0.3029.81 Safari/537.36'
    'HTTP_ACCEPT' => 'text/html,application/xhtml+xml,application/xml;q=0.9,image/webp,*/*;q=0.8'
    'HTTP_ACCEPT_ENCODING' => 'gzip, deflate, sdch'
    'HTTP_ACCEPT_LANGUAGE' => 'zh-CN,zh;q=0.8'
    'HTTP_COOKIE' => 'UM_distinctid=15c0bbcc057130-0b1e95d46483b6-63171875-1fa400-15c0bbcc058af7; pgv_pvi=6396246016; pgv_pvid=796308022; _ga=GA1.2.394579148.1495526101; hero_bbs_uuid=7F64774F-BC0D-5D55-788C-C7023EF57D66; Hm_lvt_744fc26928ce00373c1f19768d018dce=1502087489,1502087604,1502279135,1502681662; advanced-frontend=6uj11aoss5cb3a13qo1dklvb01; cms_csrf=fc89ab204f47329df640380b8f2af06f75d05cbec7a20a6e2c00937fcd741b1fa%3A2%3A%7Bi%3A0%3Bs%3A8%3A%22cms_csrf%22%3Bi%3A1%3Bs%3A32%3A%2273HEpdGq6mS2mr8No1eWZtNPawCE4SWt%22%3B%7D'
    'HTTP_SOCKETLOG' => 'SocketLog(tabid=2&client_id=)'
    'PHP_SELF' => ''
    'REQUEST_TIME_FLOAT' => 1502865452.5955
    'REQUEST_TIME' => 1502865452
]
2017-08-16 14:37:50 [192.168.72.1][-][-][trace][yii\base\Application::bootstrap] Bootstrap with yii\log\Dispatcher
2017-08-16 14:37:50 [192.168.72.1][-][-][trace][yii\base\Application::bootstrap] Bootstrap with yii\log\Dispatcher
2017-08-16 14:37:50 [192.168.72.1][-][-][trace][yii\base\Module::getModule] Loading module: debug
2017-08-16 14:37:50 [192.168.72.1][-][-][trace][yii\base\Application::bootstrap] Bootstrap with yii\debug\Module::bootstrap()
2017-08-16 14:37:50 [192.168.72.1][-][-][trace][yii\web\UrlManager::parseRequest] [
    'rule' => 'debug',
    'match' => false,
    'parent' => null,
]
    in /mnt/hgfs/data/cmgephp/cms2/common/components/UrlManager.php:48
2017-08-16 14:37:50 [192.168.72.1][-][-][trace][yii\web\UrlManager::parseRequest] [
    'rule' => 'debug/<controller:[\\w\\-]+>/<action:[\\w\\-]+>',
    'match' => false,
    'parent' => null,
]
    in /mnt/hgfs/data/cmgephp/cms2/common/components/UrlManager.php:48
2017-08-16 14:37:50 [192.168.72.1][-][-][trace][yii\web\UrlManager::parseRequest] [
    'rule' => 'm/cover',
    'match' => false,
    'parent' => null,
]
    in /mnt/hgfs/data/cmgephp/cms2/common/components/UrlManager.php:48
2017-08-16 14:37:50 [192.168.72.1][-][-][trace][yii\web\UrlManager::parseRequest] [
    'rule' => 'm/index',
    'match' => false,
    'parent' => null,
]
    in /mnt/hgfs/data/cmgephp/cms2/common/components/UrlManager.php:48
2017-08-16 14:37:50 [192.168.72.1][-][-][trace][yii\web\UrlManager::parseRequest] [
    'rule' => 'm/<controller:\\w+>/<action:\\w+>',
    'match' => false,
    'parent' => null,
]
    in /mnt/hgfs/data/cmgephp/cms2/common/components/UrlManager.php:48
2017-08-16 14:37:50 [192.168.72.1][-][-][trace][yii\web\UrlManager::parseRequest] [
    'rule' => 'index',
    'match' => false,
    'parent' => null,
]
    in /mnt/hgfs/data/cmgephp/cms2/common/components/UrlManager.php:48
2017-08-16 14:37:50 [192.168.72.1][-][-][trace][yii\web\UrlManager::parseRequest] No matching URL rules. Using default URL parsing logic.
    in /mnt/hgfs/data/cmgephp/cms2/common/components/UrlManager.php:48
2017-08-16 14:37:50 [192.168.72.1][-][-][trace][yii\web\Application::handleRequest] Route requested: 'site/cover'
2017-08-16 14:37:50 [192.168.72.1][-][-][trace][yii\base\Controller::runAction] Route to run: site/cover
2017-08-16 14:37:50 [192.168.72.1][-][-][trace][yii\base\InlineAction::runWithParams] Running action: app\controllers\SiteController::actionCover()
2017-08-16 14:37:50 [192.168.72.1][-][-][info][application] $_COOKIE = [
    'UM_distinctid' => '15c0bbcc057130-0b1e95d46483b6-63171875-1fa400-15c0bbcc058af7'
    'pgv_pvi' => '6396246016'
    'pgv_pvid' => '796308022'
    '_ga' => 'GA1.2.394579148.1495526101'
    'hero_bbs_uuid' => '7F64774F-BC0D-5D55-788C-C7023EF57D66'
    'Hm_lvt_744fc26928ce00373c1f19768d018dce' => '1502087489,1502087604,1502279135,1502681662'
    'advanced-frontend' => '6uj11aoss5cb3a13qo1dklvb01'
    'cms_csrf' => 'fc89ab204f47329df640380b8f2af06f75d05cbec7a20a6e2c00937fcd741b1fa:2:{i:0;s:8:\"cms_csrf\";i:1;s:32:\"73HEpdGq6mS2mr8No1eWZtNPawCE4SWt\";}'
]

$_SESSION = [
    '__flash' => []
    'channel_name' => 'pcgw'
    'language' => 'zh_cn'
]

$_SERVER = [
    'USER' => 'www'
    'HOME' => '/home/www'
    'FCGI_ROLE' => 'RESPONDER'
    'QUERY_STRING' => ''
    'REQUEST_METHOD' => 'GET'
    'CONTENT_TYPE' => ''
    'CONTENT_LENGTH' => ''
    'SCRIPT_NAME' => '/index.php'
    'REQUEST_URI' => '/'
    'DOCUMENT_URI' => '/index.php'
    'DOCUMENT_ROOT' => '/data/cmgephp/cms2/website/xsqs.yingxiong.com/web'
    'SERVER_PROTOCOL' => 'HTTP/1.1'
    'REQUEST_SCHEME' => 'http'
    'GATEWAY_INTERFACE' => 'CGI/1.1'
    'SERVER_SOFTWARE' => 'nginx/1.10.0'
    'REMOTE_ADDR' => '192.168.72.1'
    'REMOTE_PORT' => '50992'
    'SERVER_ADDR' => '192.168.72.128'
    'SERVER_PORT' => '80'
    'SERVER_NAME' => 'xsqs.me.yingxiong.com'
    'REDIRECT_STATUS' => '200'
    'PATH_INFO' => ''
    'SCRIPT_FILENAME' => '/data/cmgephp/cms2/website/xsqs.yingxiong.com/web/index.php'
    'HTTP_HOST' => 'xsqs.me.yingxiong.com'
    'HTTP_CONNECTION' => 'keep-alive'
    'HTTP_CACHE_CONTROL' => 'max-age=0'
    'HTTP_UPGRADE_INSECURE_REQUESTS' => '1'
    'HTTP_USER_AGENT' => 'Mozilla/5.0 (Windows NT 6.1; WOW64) AppleWebKit/537.36 (KHTML, like Gecko) Chrome/58.0.3029.81 Safari/537.36'
    'HTTP_ACCEPT' => 'text/html,application/xhtml+xml,application/xml;q=0.9,image/webp,*/*;q=0.8'
    'HTTP_ACCEPT_ENCODING' => 'gzip, deflate, sdch'
    'HTTP_ACCEPT_LANGUAGE' => 'zh-CN,zh;q=0.8'
    'HTTP_COOKIE' => 'UM_distinctid=15c0bbcc057130-0b1e95d46483b6-63171875-1fa400-15c0bbcc058af7; pgv_pvi=6396246016; pgv_pvid=796308022; _ga=GA1.2.394579148.1495526101; hero_bbs_uuid=7F64774F-BC0D-5D55-788C-C7023EF57D66; Hm_lvt_744fc26928ce00373c1f19768d018dce=1502087489,1502087604,1502279135,1502681662; advanced-frontend=6uj11aoss5cb3a13qo1dklvb01; cms_csrf=fc89ab204f47329df640380b8f2af06f75d05cbec7a20a6e2c00937fcd741b1fa%3A2%3A%7Bi%3A0%3Bs%3A8%3A%22cms_csrf%22%3Bi%3A1%3Bs%3A32%3A%2273HEpdGq6mS2mr8No1eWZtNPawCE4SWt%22%3B%7D'
    'HTTP_SOCKETLOG' => 'SocketLog(tabid=2&client_id=)'
    'PHP_SELF' => ''
    'REQUEST_TIME_FLOAT' => 1502865470.3401
    'REQUEST_TIME' => 1502865470
]
2017-08-16 14:38:22 [192.168.72.1][-][-][trace][yii\base\Application::bootstrap] Bootstrap with yii\log\Dispatcher
2017-08-16 14:38:22 [192.168.72.1][-][-][trace][yii\base\Application::bootstrap] Bootstrap with yii\log\Dispatcher
2017-08-16 14:38:22 [192.168.72.1][-][-][trace][yii\base\Module::getModule] Loading module: debug
2017-08-16 14:38:22 [192.168.72.1][-][-][trace][yii\base\Application::bootstrap] Bootstrap with yii\debug\Module::bootstrap()
2017-08-16 14:38:22 [192.168.72.1][-][-][trace][yii\web\UrlManager::parseRequest] [
    'rule' => 'debug',
    'match' => false,
    'parent' => null,
]
    in /mnt/hgfs/data/cmgephp/cms2/common/components/UrlManager.php:48
2017-08-16 14:38:22 [192.168.72.1][-][-][trace][yii\web\UrlManager::parseRequest] [
    'rule' => 'debug/<controller:[\\w\\-]+>/<action:[\\w\\-]+>',
    'match' => false,
    'parent' => null,
]
    in /mnt/hgfs/data/cmgephp/cms2/common/components/UrlManager.php:48
2017-08-16 14:38:22 [192.168.72.1][-][-][trace][yii\web\UrlManager::parseRequest] [
    'rule' => 'm/cover',
    'match' => false,
    'parent' => null,
]
    in /mnt/hgfs/data/cmgephp/cms2/common/components/UrlManager.php:48
2017-08-16 14:38:22 [192.168.72.1][-][-][trace][yii\web\UrlManager::parseRequest] [
    'rule' => 'm/index',
    'match' => false,
    'parent' => null,
]
    in /mnt/hgfs/data/cmgephp/cms2/common/components/UrlManager.php:48
2017-08-16 14:38:22 [192.168.72.1][-][-][trace][yii\web\UrlManager::parseRequest] [
    'rule' => 'm/<controller:\\w+>/<action:\\w+>',
    'match' => false,
    'parent' => null,
]
    in /mnt/hgfs/data/cmgephp/cms2/common/components/UrlManager.php:48
2017-08-16 14:38:22 [192.168.72.1][-][-][trace][yii\web\UrlManager::parseRequest] [
    'rule' => 'index',
    'match' => false,
    'parent' => null,
]
    in /mnt/hgfs/data/cmgephp/cms2/common/components/UrlManager.php:48
2017-08-16 14:38:22 [192.168.72.1][-][-][trace][yii\web\UrlManager::parseRequest] No matching URL rules. Using default URL parsing logic.
    in /mnt/hgfs/data/cmgephp/cms2/common/components/UrlManager.php:48
2017-08-16 14:38:22 [192.168.72.1][-][-][trace][yii\web\Application::handleRequest] Route requested: 'site/cover'
2017-08-16 14:38:22 [192.168.72.1][-][-][trace][yii\base\Controller::runAction] Route to run: site/cover
2017-08-16 14:38:22 [192.168.72.1][-][-][trace][yii\base\InlineAction::runWithParams] Running action: app\controllers\SiteController::actionCover()
2017-08-16 14:38:22 [192.168.72.1][-][-][info][application] $_COOKIE = [
    'UM_distinctid' => '15c0bbcc057130-0b1e95d46483b6-63171875-1fa400-15c0bbcc058af7'
    'pgv_pvi' => '6396246016'
    'pgv_pvid' => '796308022'
    '_ga' => 'GA1.2.394579148.1495526101'
    'hero_bbs_uuid' => '7F64774F-BC0D-5D55-788C-C7023EF57D66'
    'Hm_lvt_744fc26928ce00373c1f19768d018dce' => '1502087489,1502087604,1502279135,1502681662'
    'advanced-frontend' => '6uj11aoss5cb3a13qo1dklvb01'
    'cms_csrf' => 'fc89ab204f47329df640380b8f2af06f75d05cbec7a20a6e2c00937fcd741b1fa:2:{i:0;s:8:\"cms_csrf\";i:1;s:32:\"73HEpdGq6mS2mr8No1eWZtNPawCE4SWt\";}'
]

$_SESSION = [
    '__flash' => []
    'channel_name' => 'pcgw'
    'language' => 'zh_cn'
]

$_SERVER = [
    'USER' => 'www'
    'HOME' => '/home/www'
    'FCGI_ROLE' => 'RESPONDER'
    'QUERY_STRING' => ''
    'REQUEST_METHOD' => 'GET'
    'CONTENT_TYPE' => ''
    'CONTENT_LENGTH' => ''
    'SCRIPT_NAME' => '/index.php'
    'REQUEST_URI' => '/'
    'DOCUMENT_URI' => '/index.php'
    'DOCUMENT_ROOT' => '/data/cmgephp/cms2/website/xsqs.yingxiong.com/web'
    'SERVER_PROTOCOL' => 'HTTP/1.1'
    'REQUEST_SCHEME' => 'http'
    'GATEWAY_INTERFACE' => 'CGI/1.1'
    'SERVER_SOFTWARE' => 'nginx/1.10.0'
    'REMOTE_ADDR' => '192.168.72.1'
    'REMOTE_PORT' => '50992'
    'SERVER_ADDR' => '192.168.72.128'
    'SERVER_PORT' => '80'
    'SERVER_NAME' => 'xsqs.me.yingxiong.com'
    'REDIRECT_STATUS' => '200'
    'PATH_INFO' => ''
    'SCRIPT_FILENAME' => '/data/cmgephp/cms2/website/xsqs.yingxiong.com/web/index.php'
    'HTTP_HOST' => 'xsqs.me.yingxiong.com'
    'HTTP_CONNECTION' => 'keep-alive'
    'HTTP_CACHE_CONTROL' => 'max-age=0'
    'HTTP_UPGRADE_INSECURE_REQUESTS' => '1'
    'HTTP_USER_AGENT' => 'Mozilla/5.0 (Windows NT 6.1; WOW64) AppleWebKit/537.36 (KHTML, like Gecko) Chrome/58.0.3029.81 Safari/537.36'
    'HTTP_ACCEPT' => 'text/html,application/xhtml+xml,application/xml;q=0.9,image/webp,*/*;q=0.8'
    'HTTP_ACCEPT_ENCODING' => 'gzip, deflate, sdch'
    'HTTP_ACCEPT_LANGUAGE' => 'zh-CN,zh;q=0.8'
    'HTTP_COOKIE' => 'UM_distinctid=15c0bbcc057130-0b1e95d46483b6-63171875-1fa400-15c0bbcc058af7; pgv_pvi=6396246016; pgv_pvid=796308022; _ga=GA1.2.394579148.1495526101; hero_bbs_uuid=7F64774F-BC0D-5D55-788C-C7023EF57D66; Hm_lvt_744fc26928ce00373c1f19768d018dce=1502087489,1502087604,1502279135,1502681662; advanced-frontend=6uj11aoss5cb3a13qo1dklvb01; cms_csrf=fc89ab204f47329df640380b8f2af06f75d05cbec7a20a6e2c00937fcd741b1fa%3A2%3A%7Bi%3A0%3Bs%3A8%3A%22cms_csrf%22%3Bi%3A1%3Bs%3A32%3A%2273HEpdGq6mS2mr8No1eWZtNPawCE4SWt%22%3B%7D'
    'HTTP_SOCKETLOG' => 'SocketLog(tabid=2&client_id=)'
    'PHP_SELF' => ''
    'REQUEST_TIME_FLOAT' => 1502865501.9681
    'REQUEST_TIME' => 1502865501
]
