2017-10-23 09:55:55 [192.168.72.1][-][-][trace][yii\base\Application::bootstrap] Bootstrap with yii\log\Dispatcher
2017-10-23 09:55:55 [192.168.72.1][-][-][trace][yii\base\Application::bootstrap] Bootstrap with yii\log\Dispatcher
2017-10-23 09:55:55 [192.168.72.1][-][-][trace][yii\base\Module::getModule] Loading module: debug
2017-10-23 09:55:55 [192.168.72.1][-][-][trace][yii\base\Application::bootstrap] Bootstrap with yii\debug\Module::bootstrap()
2017-10-23 09:55:56 [192.168.72.1][-][-][trace][yii\web\UrlManager::parseRequest] [
    'rule' => 'debug',
    'match' => false,
    'parent' => null,
]
    in /mnt/hgfs/data/cmgephp/cms2/common/components/UrlManager.php:61
2017-10-23 09:55:56 [192.168.72.1][-][-][trace][yii\web\UrlManager::parseRequest] [
    'rule' => 'debug/<controller:[\\w\\-]+>/<action:[\\w\\-]+>',
    'match' => false,
    'parent' => null,
]
    in /mnt/hgfs/data/cmgephp/cms2/common/components/UrlManager.php:61
2017-10-23 09:55:56 [192.168.72.1][-][-][trace][yii\web\UrlManager::parseRequest] [
    'rule' => 'm/cover',
    'match' => false,
    'parent' => null,
]
    in /mnt/hgfs/data/cmgephp/cms2/common/components/UrlManager.php:61
2017-10-23 09:55:56 [192.168.72.1][-][-][trace][yii\web\UrlManager::parseRequest] [
    'rule' => 'm/index',
    'match' => false,
    'parent' => null,
]
    in /mnt/hgfs/data/cmgephp/cms2/common/components/UrlManager.php:61
2017-10-23 09:55:56 [192.168.72.1][-][-][trace][yii\web\UrlManager::parseRequest] [
    'rule' => 'm/<controller:\\w+>/<action:\\w+>',
    'match' => false,
    'parent' => null,
]
    in /mnt/hgfs/data/cmgephp/cms2/common/components/UrlManager.php:61
2017-10-23 09:55:56 [192.168.72.1][-][-][trace][yii\web\UrlManager::parseRequest] [
    'rule' => 'index',
    'match' => false,
    'parent' => null,
]
    in /mnt/hgfs/data/cmgephp/cms2/common/components/UrlManager.php:61
2017-10-23 09:55:56 [192.168.72.1][-][-][trace][yii\web\UrlManager::parseRequest] No matching URL rules. Using default URL parsing logic.
    in /mnt/hgfs/data/cmgephp/cms2/common/components/UrlManager.php:61
2017-10-23 09:55:56 [192.168.72.1][-][-][trace][yii\web\Application::handleRequest] Route requested: 'site/index'
2017-10-23 09:55:56 [192.168.72.1][-][-][trace][yii\base\Controller::runAction] Route to run: site/index
2017-10-23 09:55:56 [192.168.72.1][-][-][trace][yii\base\InlineAction::runWithParams] Running action: app\controllers\SiteController::actionIndex()
2017-10-23 09:55:56 [192.168.72.1][-][-][trace][yii\base\View::renderFile] Rendering view file: /mnt/hgfs/data/cmgephp/cms2/website/sswd.yingxiong.com/views/site/index.php
    in /mnt/hgfs/data/cmgephp/cms2/common/components/HomeController.php:407
    in /mnt/hgfs/data/cmgephp/cms2/website/sswd.yingxiong.com/controllers/SiteController.php:23
2017-10-23 09:55:56 [192.168.72.1][-][-][trace][yii\base\View::renderFile] Rendering view file: /mnt/hgfs/data/cmgephp/cms2/website/sswd.yingxiong.com/views/layouts/pc/main.php
    in /mnt/hgfs/data/cmgephp/cms2/common/components/HomeController.php:407
    in /mnt/hgfs/data/cmgephp/cms2/website/sswd.yingxiong.com/controllers/SiteController.php:23
2017-10-23 09:55:56 [192.168.72.1][-][-][trace][yii\base\View::renderFile] Rendering view file: /mnt/hgfs/data/cmgephp/cms2/website/sswd.yingxiong.com/views/layouts/pc/header.php
    in /mnt/hgfs/data/cmgephp/cms2/website/sswd.yingxiong.com/views/layouts/pc/main.php:11
    in /mnt/hgfs/data/cmgephp/cms2/common/components/HomeController.php:407
    in /mnt/hgfs/data/cmgephp/cms2/website/sswd.yingxiong.com/controllers/SiteController.php:23
2017-10-23 09:55:56 [192.168.72.1][-][-][trace][yii\base\View::renderFile] Rendering view file: /mnt/hgfs/data/cmgephp/cms2/website/sswd.yingxiong.com/views/layouts/pc/header_top.php
    in /mnt/hgfs/data/cmgephp/cms2/website/sswd.yingxiong.com/views/layouts/pc/header.php:1
    in /mnt/hgfs/data/cmgephp/cms2/website/sswd.yingxiong.com/views/layouts/pc/main.php:11
    in /mnt/hgfs/data/cmgephp/cms2/common/components/HomeController.php:407
2017-10-23 09:55:56 [192.168.72.1][-][-][trace][yii\base\View::renderFile] Rendering view file: /mnt/hgfs/data/cmgephp/cms2/website/sswd.yingxiong.com/views/layouts/pc/footer.php
    in /mnt/hgfs/data/cmgephp/cms2/website/sswd.yingxiong.com/views/layouts/pc/main.php:41
    in /mnt/hgfs/data/cmgephp/cms2/common/components/HomeController.php:407
    in /mnt/hgfs/data/cmgephp/cms2/website/sswd.yingxiong.com/controllers/SiteController.php:23
2017-10-23 09:55:56 [192.168.72.1][-][-][trace][yii\base\View::renderFile] Rendering view file: /mnt/hgfs/data/cmgephp/cms2/website/sswd.yingxiong.com/views/layouts/pc/footer_bottom.php
    in /mnt/hgfs/data/cmgephp/cms2/website/sswd.yingxiong.com/views/layouts/pc/footer.php:8
    in /mnt/hgfs/data/cmgephp/cms2/website/sswd.yingxiong.com/views/layouts/pc/main.php:41
    in /mnt/hgfs/data/cmgephp/cms2/common/components/HomeController.php:407
2017-10-23 09:55:55 [192.168.72.1][-][-][info][application] $_COOKIE = [
    'UM_distinctid' => '15e84b97796a83-06d6ae53520e82-63171875-1fa400-15e84b97797505'
    'hero_bbs_uuid' => '552FD7B9-5690-EBF8-C34D-1CBCDF39250F'
    'hero_bbs_web_uuid' => '8ecbe86789ca3b32d3bba17f30cf3d86'
    'Hm_lvt_744fc26928ce00373c1f19768d018dce' => '1508137335,1508222219,1508309876,1508397674'
]

$_SESSION = [
    '__flash' => []
    'channel_name' => 'pcgw'
    'language' => 'zh_cn'
]

$_SERVER = [
    'USER' => 'www'
    'HOME' => '/home/www'
    'FCGI_ROLE' => 'RESPONDER'
    'QUERY_STRING' => ''
    'REQUEST_METHOD' => 'GET'
    'CONTENT_TYPE' => ''
    'CONTENT_LENGTH' => ''
    'SCRIPT_NAME' => '/index.php'
    'REQUEST_URI' => '/'
    'DOCUMENT_URI' => '/index.php'
    'DOCUMENT_ROOT' => '/data/cmgephp/cms2/website/sswd.yingxiong.com/web'
    'SERVER_PROTOCOL' => 'HTTP/1.1'
    'REQUEST_SCHEME' => 'http'
    'GATEWAY_INTERFACE' => 'CGI/1.1'
    'SERVER_SOFTWARE' => 'nginx/1.10.0'
    'REMOTE_ADDR' => '192.168.72.1'
    'REMOTE_PORT' => '50898'
    'SERVER_ADDR' => '192.168.72.128'
    'SERVER_PORT' => '80'
    'SERVER_NAME' => 'sswd.me.yingxiong.com'
    'REDIRECT_STATUS' => '200'
    'PATH_INFO' => ''
    'SCRIPT_FILENAME' => '/data/cmgephp/cms2/website/sswd.yingxiong.com/web/index.php'
    'HTTP_HOST' => 'sswd.me.yingxiong.com'
    'HTTP_CONNECTION' => 'keep-alive'
    'HTTP_USER_AGENT' => 'Mozilla/5.0 (Windows NT 6.1; Win64; x64) AppleWebKit/537.36 (KHTML, like Gecko) Chrome/61.0.3163.100 Safari/537.36'
    'HTTP_UPGRADE_INSECURE_REQUESTS' => '1'
    'HTTP_ACCEPT' => 'text/html,application/xhtml+xml,application/xml;q=0.9,image/webp,image/apng,*/*;q=0.8'
    'HTTP_ACCEPT_ENCODING' => 'gzip, deflate'
    'HTTP_ACCEPT_LANGUAGE' => 'zh-CN,en-US;q=0.8,zh;q=0.6,en;q=0.4'
    'HTTP_COOKIE' => 'UM_distinctid=15e84b97796a83-06d6ae53520e82-63171875-1fa400-15e84b97797505; hero_bbs_uuid=552FD7B9-5690-EBF8-C34D-1CBCDF39250F; hero_bbs_web_uuid=8ecbe86789ca3b32d3bba17f30cf3d86; Hm_lvt_744fc26928ce00373c1f19768d018dce=1508137335,1508222219,1508309876,1508397674'
    'HTTP_SOCKETLOG' => 'SocketLog(tabid=325&client_id=)'
    'PHP_SELF' => ''
    'REQUEST_TIME_FLOAT' => 1508723755.7998
    'REQUEST_TIME' => 1508723755
]
2017-10-23 09:57:30 [192.168.72.1][-][-][trace][yii\base\Application::bootstrap] Bootstrap with yii\log\Dispatcher
2017-10-23 09:57:30 [192.168.72.1][-][-][trace][yii\base\Application::bootstrap] Bootstrap with yii\log\Dispatcher
2017-10-23 09:57:30 [192.168.72.1][-][-][trace][yii\base\Module::getModule] Loading module: debug
2017-10-23 09:57:30 [192.168.72.1][-][-][trace][yii\base\Application::bootstrap] Bootstrap with yii\debug\Module::bootstrap()
2017-10-23 09:57:30 [192.168.72.1][-][-][trace][yii\web\UrlManager::parseRequest] [
    'rule' => 'debug',
    'match' => false,
    'parent' => null,
]
    in /mnt/hgfs/data/cmgephp/cms2/common/components/UrlManager.php:61
2017-10-23 09:57:30 [192.168.72.1][-][-][trace][yii\web\UrlManager::parseRequest] [
    'rule' => 'debug/<controller:[\\w\\-]+>/<action:[\\w\\-]+>',
    'match' => false,
    'parent' => null,
]
    in /mnt/hgfs/data/cmgephp/cms2/common/components/UrlManager.php:61
2017-10-23 09:57:30 [192.168.72.1][-][-][trace][yii\web\UrlManager::parseRequest] [
    'rule' => 'm/cover',
    'match' => false,
    'parent' => null,
]
    in /mnt/hgfs/data/cmgephp/cms2/common/components/UrlManager.php:61
2017-10-23 09:57:30 [192.168.72.1][-][-][trace][yii\web\UrlManager::parseRequest] [
    'rule' => 'm/index',
    'match' => false,
    'parent' => null,
]
    in /mnt/hgfs/data/cmgephp/cms2/common/components/UrlManager.php:61
2017-10-23 09:57:30 [192.168.72.1][-][-][trace][yii\web\UrlManager::parseRequest] [
    'rule' => 'm/<controller:\\w+>/<action:\\w+>',
    'match' => false,
    'parent' => null,
]
    in /mnt/hgfs/data/cmgephp/cms2/common/components/UrlManager.php:61
2017-10-23 09:57:30 [192.168.72.1][-][-][trace][yii\web\UrlManager::parseRequest] [
    'rule' => 'index',
    'match' => false,
    'parent' => null,
]
    in /mnt/hgfs/data/cmgephp/cms2/common/components/UrlManager.php:61
2017-10-23 09:57:30 [192.168.72.1][-][-][trace][yii\web\UrlManager::parseRequest] No matching URL rules. Using default URL parsing logic.
    in /mnt/hgfs/data/cmgephp/cms2/common/components/UrlManager.php:61
2017-10-23 09:57:30 [192.168.72.1][-][-][trace][yii\web\Application::handleRequest] Route requested: 'site/cover'
2017-10-23 09:57:30 [192.168.72.1][-][-][trace][yii\base\Controller::runAction] Route to run: site/cover
2017-10-23 09:57:30 [192.168.72.1][-][-][trace][yii\base\InlineAction::runWithParams] Running action: app\controllers\SiteController::actionCover()
2017-10-23 09:57:30 [192.168.72.1][-][-][trace][yii\base\View::renderFile] Rendering view file: /mnt/hgfs/data/cmgephp/cms2/website/sswd.yingxiong.com/views/site/cover.html
    in /mnt/hgfs/data/cmgephp/cms2/common/components/HomeController.php:393
    in /mnt/hgfs/data/cmgephp/cms2/website/sswd.yingxiong.com/controllers/SiteController.php:18
2017-10-23 09:57:30 [192.168.72.1][-][-][info][application] $_COOKIE = [
    'UM_distinctid' => '15e84b97796a83-06d6ae53520e82-63171875-1fa400-15e84b97797505'
    'hero_bbs_uuid' => '552FD7B9-5690-EBF8-C34D-1CBCDF39250F'
    'hero_bbs_web_uuid' => '8ecbe86789ca3b32d3bba17f30cf3d86'
    'Hm_lvt_744fc26928ce00373c1f19768d018dce' => '1508137335,1508222219,1508309876,1508397674'
    'advanced-frontend' => 'g6gtss7l1tnj5v2jpkm0om5ca5'
    'cms_csrf' => '520c7e804a62030519b8ff98c2716ec3ed43e1164830ba5f8809a05629e2e1a5a:2:{i:0;s:8:\"cms_csrf\";i:1;s:32:\"sni6JxH2JRuel_YR54A-W8wacemjRjsQ\";}'
]

$_SESSION = [
    '__flash' => []
    'channel_name' => 'pcgw'
    'language' => 'zh_cn'
]

$_SERVER = [
    'USER' => 'www'
    'HOME' => '/home/www'
    'FCGI_ROLE' => 'RESPONDER'
    'QUERY_STRING' => ''
    'REQUEST_METHOD' => 'GET'
    'CONTENT_TYPE' => ''
    'CONTENT_LENGTH' => ''
    'SCRIPT_NAME' => '/index.php'
    'REQUEST_URI' => '/'
    'DOCUMENT_URI' => '/index.php'
    'DOCUMENT_ROOT' => '/data/cmgephp/cms2/website/sswd.yingxiong.com/web'
    'SERVER_PROTOCOL' => 'HTTP/1.1'
    'REQUEST_SCHEME' => 'http'
    'GATEWAY_INTERFACE' => 'CGI/1.1'
    'SERVER_SOFTWARE' => 'nginx/1.10.0'
    'REMOTE_ADDR' => '192.168.72.1'
    'REMOTE_PORT' => '50937'
    'SERVER_ADDR' => '192.168.72.128'
    'SERVER_PORT' => '80'
    'SERVER_NAME' => 'sswd.me.yingxiong.com'
    'REDIRECT_STATUS' => '200'
    'PATH_INFO' => ''
    'SCRIPT_FILENAME' => '/data/cmgephp/cms2/website/sswd.yingxiong.com/web/index.php'
    'HTTP_HOST' => 'sswd.me.yingxiong.com'
    'HTTP_CONNECTION' => 'keep-alive'
    'HTTP_CACHE_CONTROL' => 'max-age=0'
    'HTTP_USER_AGENT' => 'Mozilla/5.0 (Windows NT 6.1; Win64; x64) AppleWebKit/537.36 (KHTML, like Gecko) Chrome/61.0.3163.100 Safari/537.36'
    'HTTP_UPGRADE_INSECURE_REQUESTS' => '1'
    'HTTP_ACCEPT' => 'text/html,application/xhtml+xml,application/xml;q=0.9,image/webp,image/apng,*/*;q=0.8'
    'HTTP_ACCEPT_ENCODING' => 'gzip, deflate'
    'HTTP_ACCEPT_LANGUAGE' => 'zh-CN,en-US;q=0.8,zh;q=0.6,en;q=0.4'
    'HTTP_COOKIE' => 'UM_distinctid=15e84b97796a83-06d6ae53520e82-63171875-1fa400-15e84b97797505; hero_bbs_uuid=552FD7B9-5690-EBF8-C34D-1CBCDF39250F; hero_bbs_web_uuid=8ecbe86789ca3b32d3bba17f30cf3d86; Hm_lvt_744fc26928ce00373c1f19768d018dce=1508137335,1508222219,1508309876,1508397674; advanced-frontend=g6gtss7l1tnj5v2jpkm0om5ca5; cms_csrf=520c7e804a62030519b8ff98c2716ec3ed43e1164830ba5f8809a05629e2e1a5a%3A2%3A%7Bi%3A0%3Bs%3A8%3A%22cms_csrf%22%3Bi%3A1%3Bs%3A32%3A%22sni6JxH2JRuel_YR54A-W8wacemjRjsQ%22%3B%7D'
    'HTTP_SOCKETLOG' => 'SocketLog(tabid=325&client_id=)'
    'PHP_SELF' => ''
    'REQUEST_TIME_FLOAT' => 1508723850.3144
    'REQUEST_TIME' => 1508723850
]
2017-10-23 09:57:31 [192.168.72.1][-][-][trace][yii\base\Application::bootstrap] Bootstrap with yii\log\Dispatcher
2017-10-23 09:57:31 [192.168.72.1][-][-][trace][yii\base\Application::bootstrap] Bootstrap with yii\log\Dispatcher
2017-10-23 09:57:31 [192.168.72.1][-][-][trace][yii\base\Module::getModule] Loading module: debug
2017-10-23 09:57:31 [192.168.72.1][-][-][trace][yii\base\Application::bootstrap] Bootstrap with yii\debug\Module::bootstrap()
2017-10-23 09:57:31 [192.168.72.1][-][-][trace][yii\web\UrlManager::parseRequest] [
    'rule' => 'debug',
    'match' => false,
    'parent' => null,
]
    in /mnt/hgfs/data/cmgephp/cms2/common/components/UrlManager.php:61
2017-10-23 09:57:31 [192.168.72.1][-][-][trace][yii\web\UrlManager::parseRequest] [
    'rule' => 'debug/<controller:[\\w\\-]+>/<action:[\\w\\-]+>',
    'match' => false,
    'parent' => null,
]
    in /mnt/hgfs/data/cmgephp/cms2/common/components/UrlManager.php:61
2017-10-23 09:57:31 [192.168.72.1][-][-][trace][yii\web\UrlManager::parseRequest] [
    'rule' => 'm/cover',
    'match' => false,
    'parent' => null,
]
    in /mnt/hgfs/data/cmgephp/cms2/common/components/UrlManager.php:61
2017-10-23 09:57:31 [192.168.72.1][-][-][trace][yii\web\UrlManager::parseRequest] [
    'rule' => 'm/index',
    'match' => false,
    'parent' => null,
]
    in /mnt/hgfs/data/cmgephp/cms2/common/components/UrlManager.php:61
2017-10-23 09:57:31 [192.168.72.1][-][-][trace][yii\web\UrlManager::parseRequest] [
    'rule' => 'm/<controller:\\w+>/<action:\\w+>',
    'match' => false,
    'parent' => null,
]
    in /mnt/hgfs/data/cmgephp/cms2/common/components/UrlManager.php:61
2017-10-23 09:57:31 [192.168.72.1][-][-][trace][yii\web\UrlManager::parseRequest] [
    'rule' => 'index',
    'match' => false,
    'parent' => null,
]
    in /mnt/hgfs/data/cmgephp/cms2/common/components/UrlManager.php:61
2017-10-23 09:57:31 [192.168.72.1][-][-][trace][yii\web\UrlManager::parseRequest] No matching URL rules. Using default URL parsing logic.
    in /mnt/hgfs/data/cmgephp/cms2/common/components/UrlManager.php:61
2017-10-23 09:57:31 [192.168.72.1][-][-][trace][yii\web\Application::handleRequest] Route requested: 'site/cover'
2017-10-23 09:57:31 [192.168.72.1][-][-][trace][yii\base\Controller::runAction] Route to run: site/cover
2017-10-23 09:57:31 [192.168.72.1][-][-][trace][yii\base\InlineAction::runWithParams] Running action: app\controllers\SiteController::actionCover()
2017-10-23 09:57:31 [192.168.72.1][-][-][trace][yii\base\View::renderFile] Rendering view file: /mnt/hgfs/data/cmgephp/cms2/website/sswd.yingxiong.com/views/site/cover.html
    in /mnt/hgfs/data/cmgephp/cms2/common/components/HomeController.php:393
    in /mnt/hgfs/data/cmgephp/cms2/website/sswd.yingxiong.com/controllers/SiteController.php:18
2017-10-23 09:57:31 [192.168.72.1][-][-][info][application] $_COOKIE = [
    'UM_distinctid' => '15e84b97796a83-06d6ae53520e82-63171875-1fa400-15e84b97797505'
    'hero_bbs_uuid' => '552FD7B9-5690-EBF8-C34D-1CBCDF39250F'
    'hero_bbs_web_uuid' => '8ecbe86789ca3b32d3bba17f30cf3d86'
    'Hm_lvt_744fc26928ce00373c1f19768d018dce' => '1508137335,1508222219,1508309876,1508397674'
    'advanced-frontend' => 'g6gtss7l1tnj5v2jpkm0om5ca5'
    'cms_csrf' => '520c7e804a62030519b8ff98c2716ec3ed43e1164830ba5f8809a05629e2e1a5a:2:{i:0;s:8:\"cms_csrf\";i:1;s:32:\"sni6JxH2JRuel_YR54A-W8wacemjRjsQ\";}'
]

$_SESSION = [
    '__flash' => []
    'channel_name' => 'pcgw'
    'language' => 'zh_cn'
]

$_SERVER = [
    'USER' => 'www'
    'HOME' => '/home/www'
    'FCGI_ROLE' => 'RESPONDER'
    'QUERY_STRING' => ''
    'REQUEST_METHOD' => 'GET'
    'CONTENT_TYPE' => ''
    'CONTENT_LENGTH' => ''
    'SCRIPT_NAME' => '/index.php'
    'REQUEST_URI' => '/'
    'DOCUMENT_URI' => '/index.php'
    'DOCUMENT_ROOT' => '/data/cmgephp/cms2/website/sswd.yingxiong.com/web'
    'SERVER_PROTOCOL' => 'HTTP/1.1'
    'REQUEST_SCHEME' => 'http'
    'GATEWAY_INTERFACE' => 'CGI/1.1'
    'SERVER_SOFTWARE' => 'nginx/1.10.0'
    'REMOTE_ADDR' => '192.168.72.1'
    'REMOTE_PORT' => '50937'
    'SERVER_ADDR' => '192.168.72.128'
    'SERVER_PORT' => '80'
    'SERVER_NAME' => 'sswd.me.yingxiong.com'
    'REDIRECT_STATUS' => '200'
    'PATH_INFO' => ''
    'SCRIPT_FILENAME' => '/data/cmgephp/cms2/website/sswd.yingxiong.com/web/index.php'
    'HTTP_HOST' => 'sswd.me.yingxiong.com'
    'HTTP_CONNECTION' => 'keep-alive'
    'HTTP_CACHE_CONTROL' => 'max-age=0'
    'HTTP_USER_AGENT' => 'Mozilla/5.0 (Windows NT 6.1; Win64; x64) AppleWebKit/537.36 (KHTML, like Gecko) Chrome/61.0.3163.100 Safari/537.36'
    'HTTP_UPGRADE_INSECURE_REQUESTS' => '1'
    'HTTP_ACCEPT' => 'text/html,application/xhtml+xml,application/xml;q=0.9,image/webp,image/apng,*/*;q=0.8'
    'HTTP_ACCEPT_ENCODING' => 'gzip, deflate'
    'HTTP_ACCEPT_LANGUAGE' => 'zh-CN,en-US;q=0.8,zh;q=0.6,en;q=0.4'
    'HTTP_COOKIE' => 'UM_distinctid=15e84b97796a83-06d6ae53520e82-63171875-1fa400-15e84b97797505; hero_bbs_uuid=552FD7B9-5690-EBF8-C34D-1CBCDF39250F; hero_bbs_web_uuid=8ecbe86789ca3b32d3bba17f30cf3d86; Hm_lvt_744fc26928ce00373c1f19768d018dce=1508137335,1508222219,1508309876,1508397674; advanced-frontend=g6gtss7l1tnj5v2jpkm0om5ca5; cms_csrf=520c7e804a62030519b8ff98c2716ec3ed43e1164830ba5f8809a05629e2e1a5a%3A2%3A%7Bi%3A0%3Bs%3A8%3A%22cms_csrf%22%3Bi%3A1%3Bs%3A32%3A%22sni6JxH2JRuel_YR54A-W8wacemjRjsQ%22%3B%7D'
    'HTTP_SOCKETLOG' => 'SocketLog(tabid=325&client_id=)'
    'PHP_SELF' => ''
    'REQUEST_TIME_FLOAT' => 1508723851.41
    'REQUEST_TIME' => 1508723851
]
2017-10-23 09:57:55 [192.168.72.1][-][-][trace][yii\base\Application::bootstrap] Bootstrap with yii\log\Dispatcher
2017-10-23 09:57:55 [192.168.72.1][-][-][trace][yii\base\Application::bootstrap] Bootstrap with yii\log\Dispatcher
2017-10-23 09:57:55 [192.168.72.1][-][-][trace][yii\base\Module::getModule] Loading module: debug
2017-10-23 09:57:55 [192.168.72.1][-][-][trace][yii\base\Application::bootstrap] Bootstrap with yii\debug\Module::bootstrap()
2017-10-23 09:57:55 [192.168.72.1][-][-][trace][yii\web\UrlManager::parseRequest] [
    'rule' => 'debug',
    'match' => false,
    'parent' => null,
]
    in /mnt/hgfs/data/cmgephp/cms2/common/components/UrlManager.php:61
2017-10-23 09:57:55 [192.168.72.1][-][-][trace][yii\web\UrlManager::parseRequest] [
    'rule' => 'debug/<controller:[\\w\\-]+>/<action:[\\w\\-]+>',
    'match' => false,
    'parent' => null,
]
    in /mnt/hgfs/data/cmgephp/cms2/common/components/UrlManager.php:61
2017-10-23 09:57:55 [192.168.72.1][-][-][trace][yii\web\UrlManager::parseRequest] [
    'rule' => 'm/cover',
    'match' => false,
    'parent' => null,
]
    in /mnt/hgfs/data/cmgephp/cms2/common/components/UrlManager.php:61
2017-10-23 09:57:55 [192.168.72.1][-][-][trace][yii\web\UrlManager::parseRequest] [
    'rule' => 'm/index',
    'match' => false,
    'parent' => null,
]
    in /mnt/hgfs/data/cmgephp/cms2/common/components/UrlManager.php:61
2017-10-23 09:57:55 [192.168.72.1][-][-][trace][yii\web\UrlManager::parseRequest] [
    'rule' => 'm/<controller:\\w+>/<action:\\w+>',
    'match' => false,
    'parent' => null,
]
    in /mnt/hgfs/data/cmgephp/cms2/common/components/UrlManager.php:61
2017-10-23 09:57:55 [192.168.72.1][-][-][trace][yii\web\UrlManager::parseRequest] [
    'rule' => 'index',
    'match' => false,
    'parent' => null,
]
    in /mnt/hgfs/data/cmgephp/cms2/common/components/UrlManager.php:61
2017-10-23 09:57:55 [192.168.72.1][-][-][trace][yii\web\UrlManager::parseRequest] No matching URL rules. Using default URL parsing logic.
    in /mnt/hgfs/data/cmgephp/cms2/common/components/UrlManager.php:61
2017-10-23 09:57:55 [192.168.72.1][-][-][trace][yii\web\Application::handleRequest] Route requested: 'site/cover'
2017-10-23 09:57:55 [192.168.72.1][-][-][trace][yii\base\Controller::runAction] Route to run: site/cover
2017-10-23 09:57:55 [192.168.72.1][-][-][trace][yii\base\InlineAction::runWithParams] Running action: app\controllers\SiteController::actionCover()
2017-10-23 09:57:55 [192.168.72.1][-][-][trace][yii\base\View::renderFile] Rendering view file: /mnt/hgfs/data/cmgephp/cms2/website/sswd.yingxiong.com/views/site/cover.html
    in /mnt/hgfs/data/cmgephp/cms2/common/components/HomeController.php:393
    in /mnt/hgfs/data/cmgephp/cms2/website/sswd.yingxiong.com/controllers/SiteController.php:18
2017-10-23 09:57:55 [192.168.72.1][-][-][info][application] $_COOKIE = [
    'UM_distinctid' => '15e84b97796a83-06d6ae53520e82-63171875-1fa400-15e84b97797505'
    'hero_bbs_uuid' => '552FD7B9-5690-EBF8-C34D-1CBCDF39250F'
    'hero_bbs_web_uuid' => '8ecbe86789ca3b32d3bba17f30cf3d86'
    'Hm_lvt_744fc26928ce00373c1f19768d018dce' => '1508137335,1508222219,1508309876,1508397674'
    'advanced-frontend' => 'g6gtss7l1tnj5v2jpkm0om5ca5'
    'cms_csrf' => '520c7e804a62030519b8ff98c2716ec3ed43e1164830ba5f8809a05629e2e1a5a:2:{i:0;s:8:\"cms_csrf\";i:1;s:32:\"sni6JxH2JRuel_YR54A-W8wacemjRjsQ\";}'
]

$_SESSION = [
    '__flash' => []
    'channel_name' => 'pcgw'
    'language' => 'zh_cn'
]

$_SERVER = [
    'USER' => 'www'
    'HOME' => '/home/www'
    'FCGI_ROLE' => 'RESPONDER'
    'QUERY_STRING' => ''
    'REQUEST_METHOD' => 'GET'
    'CONTENT_TYPE' => ''
    'CONTENT_LENGTH' => ''
    'SCRIPT_NAME' => '/index.php'
    'REQUEST_URI' => '/'
    'DOCUMENT_URI' => '/index.php'
    'DOCUMENT_ROOT' => '/data/cmgephp/cms2/website/sswd.yingxiong.com/web'
    'SERVER_PROTOCOL' => 'HTTP/1.1'
    'REQUEST_SCHEME' => 'http'
    'GATEWAY_INTERFACE' => 'CGI/1.1'
    'SERVER_SOFTWARE' => 'nginx/1.10.0'
    'REMOTE_ADDR' => '192.168.72.1'
    'REMOTE_PORT' => '50937'
    'SERVER_ADDR' => '192.168.72.128'
    'SERVER_PORT' => '80'
    'SERVER_NAME' => 'sswd.me.yingxiong.com'
    'REDIRECT_STATUS' => '200'
    'PATH_INFO' => ''
    'SCRIPT_FILENAME' => '/data/cmgephp/cms2/website/sswd.yingxiong.com/web/index.php'
    'HTTP_HOST' => 'sswd.me.yingxiong.com'
    'HTTP_CONNECTION' => 'keep-alive'
    'HTTP_CACHE_CONTROL' => 'max-age=0'
    'HTTP_USER_AGENT' => 'Mozilla/5.0 (Windows NT 6.1; Win64; x64) AppleWebKit/537.36 (KHTML, like Gecko) Chrome/61.0.3163.100 Safari/537.36'
    'HTTP_UPGRADE_INSECURE_REQUESTS' => '1'
    'HTTP_ACCEPT' => 'text/html,application/xhtml+xml,application/xml;q=0.9,image/webp,image/apng,*/*;q=0.8'
    'HTTP_ACCEPT_ENCODING' => 'gzip, deflate'
    'HTTP_ACCEPT_LANGUAGE' => 'zh-CN,en-US;q=0.8,zh;q=0.6,en;q=0.4'
    'HTTP_COOKIE' => 'UM_distinctid=15e84b97796a83-06d6ae53520e82-63171875-1fa400-15e84b97797505; hero_bbs_uuid=552FD7B9-5690-EBF8-C34D-1CBCDF39250F; hero_bbs_web_uuid=8ecbe86789ca3b32d3bba17f30cf3d86; Hm_lvt_744fc26928ce00373c1f19768d018dce=1508137335,1508222219,1508309876,1508397674; advanced-frontend=g6gtss7l1tnj5v2jpkm0om5ca5; cms_csrf=520c7e804a62030519b8ff98c2716ec3ed43e1164830ba5f8809a05629e2e1a5a%3A2%3A%7Bi%3A0%3Bs%3A8%3A%22cms_csrf%22%3Bi%3A1%3Bs%3A32%3A%22sni6JxH2JRuel_YR54A-W8wacemjRjsQ%22%3B%7D'
    'HTTP_SOCKETLOG' => 'SocketLog(tabid=325&client_id=)'
    'PHP_SELF' => ''
    'REQUEST_TIME_FLOAT' => 1508723874.9938
    'REQUEST_TIME' => 1508723874
]
